Log file open, 05/26/21 16:41:24
LogWindows: Failed to load 'aqProf.dll' (GetLastError=126)
LogWindows: File 'aqProf.dll' does not exist
LogWindows: Failed to load 'VSPerf140.dll' (GetLastError=126)
LogWindows: File 'VSPerf140.dll' does not exist
LogWindows: Failed to load 'VtuneApi.dll' (GetLastError=126)
LogWindows: File 'VtuneApi.dll' does not exist
LogWindows: Failed to load 'VtuneApi32e.dll' (GetLastError=126)
LogWindows: File 'VtuneApi32e.dll' does not exist
LogInit: Display: Running engine for game: A1
LogPlatformFile: Not using cached read wrapper
LogInit: Display: RandInit(-932850218) SRandInit(-932850218).
LogTaskGraph: Started task graph with 5 named threads and 26 total threads with 3 sets of task threads.
LogStats: Stats thread started at 0.407055
LogD3D11RHI: Aftermath initialized
LogPluginManager: Mounting plugin Paper2D
LogPluginManager: Mounting plugin LightPropagationVolume
LogPluginManager: Mounting plugin CodeLiteSourceCodeAccess
LogPluginManager: Mounting plugin GitSourceControl
LogPluginManager: Mounting plugin KDevelopSourceCodeAccess
LogPluginManager: Mounting plugin NullSourceCodeAccess
LogPluginManager: Mounting plugin PerforceSourceControl
LogPluginManager: Mounting plugin SubversionSourceControl
LogPluginManager: Mounting plugin UObjectPlugin
LogPluginManager: Mounting plugin VisualStudioSourceCodeAccess
LogPluginManager: Mounting plugin XCodeSourceCodeAccess
LogPluginManager: Mounting plugin AssetManagerEditor
LogPluginManager: Mounting plugin AudioCapture
LogPluginManager: Mounting plugin FacialAnimation
LogPluginManager: Mounting plugin GameplayTagsEditor
LogPluginManager: Mounting plugin MobileLauncherProfileWizard
LogPluginManager: Mounting plugin PluginBrowser
LogPluginManager: Mounting plugin SpeedTreeImporter
LogPluginManager: Mounting plugin AlembicImporter
LogPluginManager: Mounting plugin CharacterAI
LogPluginManager: Mounting plugin HTML5Networking
LogPluginManager: Mounting plugin AndroidMedia
LogPluginManager: Mounting plugin AvfMedia
LogPluginManager: Mounting plugin MediaPlayerEditor
LogPluginManager: Mounting plugin WmfMedia
LogPluginManager: Mounting plugin TcpMessaging
LogPluginManager: Mounting plugin UdpMessaging
LogPluginManager: Mounting plugin LevelSequenceEditor
LogPluginManager: Mounting plugin MatineeToLevelSequence
LogPluginManager: Mounting plugin OnlineSubsystemGooglePlay
LogPluginManager: Mounting plugin OnlineSubsystemIOS
LogPluginManager: Mounting plugin OnlineSubsystem
LogPluginManager: Mounting plugin OnlineSubsystemNull
LogPluginManager: Mounting plugin OnlineSubsystemUtils
LogPluginManager: Mounting plugin AndroidDeviceProfileSelector
LogPluginManager: Mounting plugin AndroidMoviePlayer
LogPluginManager: Mounting plugin AndroidPermission
LogPluginManager: Mounting plugin AppleMoviePlayer
LogPluginManager: Mounting plugin ArchVisCharacter
LogPluginManager: Mounting plugin CableComponent
LogPluginManager: Mounting plugin CustomMeshComponent
LogPluginManager: Mounting plugin ExampleDeviceProfileSelector
LogPluginManager: Mounting plugin GoogleCloudMessaging
LogPluginManager: Mounting plugin ImmediatePhysics
LogPluginManager: Mounting plugin IOSDeviceProfileSelector
LogPluginManager: Mounting plugin LinuxDeviceProfileSelector
LogPluginManager: Mounting plugin LocationServicesBPLibrary
LogPluginManager: Mounting plugin MobilePatchingUtils
LogPluginManager: Mounting plugin OculusVR
LogPluginManager: Mounting plugin PhysXVehicles
LogPluginManager: Mounting plugin ProceduralMeshComponent
LogPluginManager: Mounting plugin RuntimePhysXCooking
LogPluginManager: Mounting plugin SteamVR
LogPluginManager: Mounting plugin WindowsMoviePlayer
LogInit: Using libcurl 7.47.1
LogInit:  - built for x86_64-pc-win32
LogInit:  - supports SSL with OpenSSL/1.0.2g
LogInit:  - supports HTTP deflate (compression) using libz 1.2.8
LogInit:  - other features:
LogInit:      CURL_VERSION_SSL
LogInit:      CURL_VERSION_LIBZ
LogInit:      CURL_VERSION_IPV6
LogInit:      CURL_VERSION_ASYNCHDNS
LogInit:      CURL_VERSION_LARGEFILE
LogInit:      CURL_VERSION_IDN
LogInit:  CurlRequestOptions (configurable via config and command line):
LogInit:  - bVerifyPeer = false  - Libcurl will NOT verify peer certificate
LogInit:  - bUseHttpProxy = false  - Libcurl will NOT use HTTP proxy
LogInit:  - bDontReuseConnections = false  - Libcurl will reuse connections
LogInit:  - CertBundlePath = nullptr  - Libcurl will use whatever was configured at build time.
LogInit: Build: ++UE4+Release-4.17-CL-3658906
LogInit: Engine Version: 4.17.2-3658906+++UE4+Release-4.17
LogInit: Compatible Engine Version: 4.17.0-3573198+++UE4+Release-4.17
LogInit: Net CL: 3573198
LogDevObjectVersion: Number of dev versions registered: 16
LogDevObjectVersion:   Dev-Blueprints (B0D832E4-1F89-4F0D-ACCF-7EB736FD4AA2): 10
LogDevObjectVersion:   Dev-Build (E1C64328-A22C-4D53-A36C-8E866417BD8C): 0
LogDevObjectVersion:   Dev-Core (375EC13C-06E4-48FB-B500-84F0262A717E): 2
LogDevObjectVersion:   Dev-Editor (E4B068ED-F494-42E9-A231-DA0B2E46BB41): 20
LogDevObjectVersion:   Dev-Framework (CFFC743F-43B0-4480-9391-14DF171D2073): 28
LogDevObjectVersion:   Dev-Mobile (B02B49B5-BB20-44E9-A304-32B752E40360): 0
LogDevObjectVersion:   Dev-Networking (A4E4105C-59A1-49B5-A7C5-40C4547EDFEE): 0
LogDevObjectVersion:   Dev-Online (39C831C9-5AE6-47DC-9A44-9C173E1C8E7C): 0
LogDevObjectVersion:   Dev-Physics (78F01B33-EBEA-4F98-B9B4-84EACCB95AA2): 0
LogDevObjectVersion:   Dev-Platform (6631380F-2D4D-43E0-8009-CF276956A95A): 0
LogDevObjectVersion:   Dev-Rendering (12F88B9F-8875-4AFC-A67C-D90C383ABD29): 19
LogDevObjectVersion:   Dev-Sequencer (7B5AE74C-D270-4C10-A958-57980B212A5A): 4
LogDevObjectVersion:   Dev-VR (D7296918-1DD6-4BDD-9DE2-64A83CC13884): 0
LogDevObjectVersion:   Dev-LoadTimes (C2A15278-BFE7-4AFE-6C17-90FF531DF755): 1
LogDevObjectVersion:   Private-Geometry (6EACA3D4-40EC-4CC1-B786-8BED09428FC5): 1
LogDevObjectVersion:   Dev-AnimPhys (29E575DD-E0A3-4627-9D10-D276232CDCEA): 7
LogInit: Compiled (64-bit): Sep 22 2017 13:47:16
LogInit: Compiled with Visual C++: 19.00.24215.01
LogInit: Build Configuration: Development
LogInit: Branch Name: ++UE4+Release-4.17
LogInit: Command line:  
LogInit: Base directory: C:/UE_4.17/Engine/Binaries/Win64/
LogInit: Installed Engine Build: 1
LogInit: Presizing for max 8388607 objects, including 0 objects not considered by GC, pre-allocating 0 bytes for permanent pool.
LogInit: Object subsystem initialized
[2021.05.26-21.41.24:750][  0]LogInit: Selected Device Profile: [Windows]
[2021.05.26-21.41.24:750][  0]LogInit: Applying CVar settings loaded from the selected device profile: [Windows]
[2021.05.26-21.41.24:763][  0]LogInit: Computer: DESKTOP-2KKBEQE
[2021.05.26-21.41.24:763][  0]LogInit: User: noman
[2021.05.26-21.41.24:763][  0]LogInit: CPU Page size=4096, Cores=8
[2021.05.26-21.41.24:763][  0]LogInit: High frequency timer resolution =10.000000 MHz
[2021.05.26-21.41.24:763][  0]LogMemory: Memory total: Physical=15.9GB (16GB approx)
[2021.05.26-21.41.24:763][  0]LogMemory: Platform Memory Stats for Windows
[2021.05.26-21.41.24:763][  0]LogMemory: Process Physical Memory: 281.43 MB used, 281.44 MB peak
[2021.05.26-21.41.24:763][  0]LogMemory: Process Virtual Memory: 281.29 MB used, 281.29 MB peak
[2021.05.26-21.41.24:763][  0]LogMemory: Physical Memory: 10045.17 MB used,  6244.64 MB free, 16289.81 MB total
[2021.05.26-21.41.24:763][  0]LogMemory: Virtual Memory: 4804.71 MB used,  6244.64 MB free, 134217728.00 MB total
[2021.05.26-21.41.24:997][  0]LogInit: Using OS detected language (en-US).
[2021.05.26-21.41.24:997][  0]LogInit: Using OS detected locale (en-US).
[2021.05.26-21.41.24:999][  0]LogTextLocalizationManager: No specific localization for 'en-US' exists, so the 'en' localization will be used.
[2021.05.26-21.41.25:565][  0]LogD3D11RHI: D3D11 adapters:
[2021.05.26-21.41.25:695][  0]LogD3D11RHI:    0. 'NVIDIA GeForce GTX 1060 6GB' (Feature Level 11_0)
[2021.05.26-21.41.25:695][  0]LogD3D11RHI:       6052/0/8144 MB DedicatedVideo/DedicatedSystem/SharedSystem, Outputs:3, VendorId:0x10de
[2021.05.26-21.41.25:697][  0]LogD3D11RHI:    1. 'Microsoft Basic Render Driver' (Feature Level 11_0)
[2021.05.26-21.41.25:697][  0]LogD3D11RHI:       0/0/8144 MB DedicatedVideo/DedicatedSystem/SharedSystem, Outputs:0, VendorId:0x1414
[2021.05.26-21.41.25:697][  0]LogD3D11RHI: Chosen D3D11 Adapter: 0
[2021.05.26-21.41.25:705][  0]LogD3D11RHI: Creating new Direct3DDevice
[2021.05.26-21.41.25:705][  0]LogD3D11RHI:     GPU DeviceId: 0x1c03 (for the marketing name, search the web for "GPU Device Id")
[2021.05.26-21.41.25:705][  0]LogWindows: EnumDisplayDevices:
[2021.05.26-21.41.25:705][  0]LogWindows:    0. 'NVIDIA GeForce GTX 1060 6GB' (P:1 D:1)
[2021.05.26-21.41.25:705][  0]LogWindows:    1. 'NVIDIA GeForce GTX 1060 6GB' (P:0 D:1)
[2021.05.26-21.41.25:706][  0]LogWindows:    2. 'NVIDIA GeForce GTX 1060 6GB' (P:0 D:1)
[2021.05.26-21.41.25:706][  0]LogWindows:    3. 'NVIDIA GeForce GTX 1060 6GB' (P:0 D:0)
[2021.05.26-21.41.25:706][  0]LogWindows: DebugString: GetVideoDriverDetailsInvalid PrimaryIsNotTheChoosenAdapter GetVideoDriverDetailsInvalid PrimaryIsNotTheChoosenAdapter GetVideoDriverDetailsInvalid PrimaryIsNotTheChoosenAdapter GetVideoDriverDetailsInvalid PrimaryIsNotTheChoosenAdapter FoundDriverCount:0 
[2021.05.26-21.41.25:706][  0]LogD3D11RHI:     Adapter Name: NVIDIA GeForce GTX 1060 6GB
[2021.05.26-21.41.25:706][  0]LogD3D11RHI:   Driver Version: Unknown (internal:Unknown, unified:Unknown)
[2021.05.26-21.41.25:706][  0]LogD3D11RHI:      Driver Date: Unknown
[2021.05.26-21.41.25:706][  0]LogRHI: Texture pool is 1361 MB (70% of 1945 MB)
[2021.05.26-21.41.25:775][  0]LogD3D11RHI: Async texture creation enabled
[2021.05.26-21.41.25:798][  0]LogD3D11RHI: GPU Timing Frequency: 1000.000000 (Debug: 2 1)
[2021.05.26-21.41.25:802][  0]LogShaderCompilers: Guid format shader working directory is -7 characters bigger than the processId version (../../../../Users/noman/Documents/Unreal Projects/A1/Intermediate/Shaders/WorkingDirectory/30628/).
[2021.05.26-21.41.25:802][  0]LogShaderCompilers: Cleaned the shader compiler working directory 'C:/Users/noman/AppData/Local/Temp/UnrealShaderWorkingDir/D5A399124764F388EEEA1B8845F28DE0/'.
[2021.05.26-21.41.25:802][  0]LogShaderCompilers: Display: Using Local Shader Compiler.
[2021.05.26-21.41.26:584][  0]LogTemp: Display: Loaded TP AllDesktopTargetPlatform
[2021.05.26-21.41.26:646][  0]LogTemp: Display: Loaded TP MacClientTargetPlatform
[2021.05.26-21.41.26:707][  0]LogTemp: Display: Loaded TP MacNoEditorTargetPlatform
[2021.05.26-21.41.26:770][  0]LogTemp: Display: Loaded TP MacServerTargetPlatform
[2021.05.26-21.41.26:834][  0]LogTemp: Display: Loaded TP MacTargetPlatform
[2021.05.26-21.41.26:895][  0]LogTemp: Display: Loaded TP WindowsClientTargetPlatform
[2021.05.26-21.41.26:957][  0]LogTemp: Display: Loaded TP WindowsNoEditorTargetPlatform
[2021.05.26-21.41.27:017][  0]LogTemp: Display: Loaded TP WindowsServerTargetPlatform
[2021.05.26-21.41.27:072][  0]LogTemp: Display: Loaded TP WindowsTargetPlatform
[2021.05.26-21.41.27:133][  0]LogTemp: Display: Loaded TP AndroidTargetPlatform
[2021.05.26-21.41.27:195][  0]LogTemp: Display: Loaded TP Android_ASTCTargetPlatform
[2021.05.26-21.41.27:255][  0]LogTemp: Display: Loaded TP Android_ATCTargetPlatform
[2021.05.26-21.41.27:314][  0]LogTemp: Display: Loaded TP Android_DXTTargetPlatform
[2021.05.26-21.41.27:376][  0]LogTemp: Display: Loaded TP Android_ETC1TargetPlatform
[2021.05.26-21.41.27:438][  0]LogTemp: Display: Loaded TP Android_ETC2TargetPlatform
[2021.05.26-21.41.27:558][  0]LogTemp: Display: Loaded TP Android_MultiTargetPlatform
[2021.05.26-21.41.27:558][  0]LogTemp: Display: Loaded TP Android_PVRTCTargetPlatform
[2021.05.26-21.41.27:609][  0]LogTemp: Display: Loaded TP HTML5TargetPlatform
[2021.05.26-21.41.27:724][  0]LogTemp: Display: Loaded TP IOSTargetPlatform
[2021.05.26-21.41.27:763][  0]LogTemp: Display: Loaded TP TVOSTargetPlatform
[2021.05.26-21.41.27:823][  0]LogTemp: Display: Loaded TP LinuxClientTargetPlatform
[2021.05.26-21.41.27:882][  0]LogTemp: Display: Loaded TP LinuxNoEditorTargetPlatform
[2021.05.26-21.41.27:943][  0]LogTemp: Display: Loaded TP LinuxServerTargetPlatform
[2021.05.26-21.41.28:003][  0]LogTemp: Display: Loaded TP LinuxTargetPlatform
[2021.05.26-21.41.28:003][  0]LogTargetPlatformManager: Display: Building Assets For Windows
[2021.05.26-21.41.28:653][  0]LogDerivedDataCache: Display: Max Cache Size: 512 MB
[2021.05.26-21.41.28:717][  0]LogDerivedDataCache: Loaded boot cache 0.06s 93MB C:/Users/noman/AppData/Local/UnrealEngine/4.17/DerivedDataCache/Boot.ddc.
[2021.05.26-21.41.28:717][  0]LogDerivedDataCache: Display: Loaded Boot cache: C:/Users/noman/AppData/Local/UnrealEngine/4.17/DerivedDataCache/Boot.ddc
[2021.05.26-21.41.28:717][  0]LogDerivedDataCache: FDerivedDataBackendGraph:  Pak pak cache file ../../../../Users/noman/Documents/Unreal Projects/A1/DerivedDataCache/DDC.ddp not found, will not use a pak cache.
[2021.05.26-21.41.28:717][  0]LogDerivedDataCache: Unable to find inner node Pak for hierarchical cache Hierarchy.
[2021.05.26-21.41.28:717][  0]LogDerivedDataCache: FDerivedDataBackendGraph:  CompressedPak pak cache file ../../../../Users/noman/Documents/Unreal Projects/A1/DerivedDataCache/Compressed.ddp not found, will not use a pak cache.
[2021.05.26-21.41.28:717][  0]LogDerivedDataCache: Unable to find inner node CompressedPak for hierarchical cache Hierarchy.
[2021.05.26-21.41.28:732][  0]LogDerivedDataCache: Display: Pak cache opened for reading ../../../Engine/DerivedDataCache/Compressed.ddp.
[2021.05.26-21.41.28:745][  0]LogDerivedDataCache: Using Local data cache path C:/Users/noman/AppData/Local/UnrealEngine/Common/DerivedDataCache: Writable
[2021.05.26-21.41.28:753][  0]LogMaterial: Verifying Global Shaders for PCD3D_SM5
[2021.05.26-21.41.28:753][  0]LogSlate: Using Freetype 2.6.0
[2021.05.26-21.41.28:754][  0]LogSlate: SlateFontCache - WITH_FREETYPE: 1, WITH_HARFBUZZ: 1
[2021.05.26-21.41.28:754][  0]LogSlate: SlateFontCache - WITH_FREETYPE: 1, WITH_HARFBUZZ: 1
[2021.05.26-21.41.28:982][  0]LogAssetRegistry: FAssetRegistry took 0.0259 seconds to start up
[2021.05.26-21.41.29:103][  0]LogInit: Selected Device Profile: [Windows]
[2021.05.26-21.41.29:224][  0]LogContentStreaming: Texture pool size is 0.00 MB
[2021.05.26-21.41.29:574][  0]LogSimplygon: Simplygon DLL not present - disabling.
[2021.05.26-21.41.29:629][  0]LogMeshReduction: Using SimplygonSwarm for distributed automatic mesh merging
[2021.05.26-21.41.29:629][  0]LogMeshReduction: Using QuadricMeshReduction for automatic static mesh reduction
[2021.05.26-21.41.29:629][  0]LogMeshReduction: No automatic skeletal mesh reduction module available
[2021.05.26-21.41.29:629][  0]LogMeshReduction: No automatic mesh merging module available
[2021.05.26-21.41.29:629][  0]LogMeshMerging: No automatic mesh merging module available
[2021.05.26-21.41.29:925][  0]LogNetVersion: A1 , NetCL: 3573198, EngineNetVer: 2, GameNetVer: 0 (Checksum: 2417879663)
[2021.05.26-21.41.30:133][  0]LogPackageLocalizationCache: Processed 5 localized package path(s) for 2 prioritized culture(s) in 0.041423 seconds
[2021.05.26-21.41.30:138][  0]LogUObjectArray: 35825 objects as part of root set at end of initial load.
[2021.05.26-21.41.30:138][  0]LogUObjectAllocator: 7529104 out of 0 bytes used by permanent object pool.
[2021.05.26-21.41.30:138][  0]LogUObjectArray: CloseDisregardForGC: 0/0 objects in disregard for GC pool
[2021.05.26-21.41.30:233][  0]LogInit: WinSock: version 1.1 (2.2), MaxSocks=32767, MaxUdp=65467
[2021.05.26-21.41.32:958][  0]LogTcpMessaging: Initializing TcpMessaging bridge
[2021.05.26-21.41.33:009][  0]LogUdpMessaging: Initializing bridge on interface 0.0.0.0:0 to multicast group 230.0.0.1:6666.
[2021.05.26-21.41.33:737][  0]LogMaterial: Uniform references updated for custom material expression Custom.
[2021.05.26-21.41.34:176][  0]SourceControl: Source control is disabled
[2021.05.26-21.41.34:176][  0]SourceControl: Source control is disabled
[2021.05.26-21.41.34:233][  0]SourceControl: Source control is disabled
[2021.05.26-21.41.34:290][  0]SourceControl: Source control is disabled
[2021.05.26-21.41.35:008][  0]LogAndroidPermission: UAndroidPermissionCallbackProxy::GetInstance
[2021.05.26-21.41.35:306][  0]LogOcInput: OculusInput pre-init called
[2021.05.26-21.41.35:602][  0]LogEngine: Initializing Engine...
[2021.05.26-21.41.35:604][  0]LogHMD: Failed to initialize OpenVR with code 110
[2021.05.26-21.41.35:758][  0]LogStats: UGameplayTagsManager::ConstructGameplayTagTree: Construct from data asset -  0.000 s
[2021.05.26-21.41.35:758][  0]LogStats: UGameplayTagsManager::ConstructGameplayTagTree: GameplayTagTreeChangedEvent.Broadcast -  0.000 s
[2021.05.26-21.41.35:921][  0]LogAIModule: Creating AISystem for world Untitled
[2021.05.26-21.41.35:934][  0]LogInit: XAudio2 using 'Speakers (Yeti Nano)' : 2 channels at 48 kHz using 24 bits per sample (channel mask 0x3)
[2021.05.26-21.41.35:947][  0]LogInit: FAudioDevice initialized.
[2021.05.26-21.41.36:029][  0]LogDerivedDataCache: Saved boot cache 0.08s 93MB C:/Users/noman/AppData/Local/UnrealEngine/4.17/DerivedDataCache/Boot.ddc.
[2021.05.26-21.41.36:040][  0]LogInit: Texture streaming: Enabled
[2021.05.26-21.41.36:203][  0]LogEngineSessionManager: EngineSessionManager initialized
[2021.05.26-21.41.36:471][  0]LogInit: Transaction tracking system initialized
[2021.05.26-21.41.36:883][  0]BlueprintLog: New page: Editor Load
[2021.05.26-21.41.38:023][  0]LocalizationService: Localization service is disabled
[2021.05.26-21.41.38:878][  0]LogConsoleResponse: Display: 
[2021.05.26-21.41.39:011][  0]LogCook: Display: Max memory allowance for cook 16384mb min free memory 0mb
[2021.05.26-21.41.39:011][  0]LogFileCache: Scanning file cache for directory 'C:/Users/noman/Documents/Unreal Projects/A1/Content/' took 0.01s
[2021.05.26-21.41.39:011][  0]LogCook: Display: Mobile HDR setting 1
[2021.05.26-21.41.39:011][  0]LogGameplayTags: Display: UGameplayTagsManager::DoneAddingNativeTags. DelegateIsBound: 0
[2021.05.26-21.41.40:316][  0]SourceControl: Source control is disabled
[2021.05.26-21.41.40:316][  0]Cmd: MAP LOAD FILE="../../../Engine/Content/Maps/Templates/Template_Default.umap" TEMPLATE=1 SHOWPROGRESS=1 FEATURELEVEL=3
[2021.05.26-21.41.40:317][  0]LightingResults: New page: Lighting Build
[2021.05.26-21.41.40:369][  0]MapCheck: New page: Map Check
[2021.05.26-21.41.40:369][  0]LightingResults: New page: Lighting Build
[2021.05.26-21.41.40:501][  0]LogAIModule: Creating AISystem for world Untitled_1
[2021.05.26-21.41.40:505][  0]LogEditorServer: Finished looking for orphan Actors (0.000 secs)
[2021.05.26-21.41.40:515][  0]Cmd: MAP CHECKDEP NOCLEARLOG
[2021.05.26-21.41.40:558][  0]MapCheck: Map check complete: 0 Error(s), 0 Warning(s), took 42.034ms to complete.
[2021.05.26-21.41.40:558][  0]LogFileHelpers: Loading map 'Template_Default' took 0.241
[2021.05.26-21.41.40:718][  0]LogCollectionManager: Loaded 0 collections in 0.000933 seconds
[2021.05.26-21.41.40:810][  0]LogFileCache: Scanning file cache for directory 'C:/Users/noman/Documents/Unreal Projects/A1/Saved/Collections/' took 0.01s
[2021.05.26-21.41.40:810][  0]LogFileCache: Scanning file cache for directory 'C:/Users/noman/Documents/Unreal Projects/A1/Content/Developers/noman/Collections/' took 0.01s
[2021.05.26-21.41.40:810][  0]LogFileCache: Scanning file cache for directory 'C:/Users/noman/Documents/Unreal Projects/A1/Content/Collections/' took 0.01s
[2021.05.26-21.41.40:810][  0]LogCollectionManager: Rebuilt the GUID cache for 0 collections in 0.000000 seconds
[2021.05.26-21.41.40:818][  0]LogContentBrowser: Native class hierarchy populated in 0.0075 seconds. Added 2386 classes and 500 folders.
[2021.05.26-21.41.40:901][  0]LogContentBrowser: Native class hierarchy updated for 'WidgetCarousel' in 0.0005 seconds. Added 0 classes and 0 folders.
[2021.05.26-21.41.40:935][  0]LogContentBrowser: Native class hierarchy updated for 'AddContentDialog' in 0.0005 seconds. Added 0 classes and 0 folders.
[2021.05.26-21.41.40:988][  0]LogContentBrowser: Native class hierarchy updated for 'SceneOutliner' in 0.0006 seconds. Added 1 classes and 2 folders.
[2021.05.26-21.41.41:006][  0]LogSlate: Took 0.000199 seconds to synchronously load lazily loaded font '../../../Engine/Content/Slate/Fonts/Roboto-Regular.ttf' (155K)
[2021.05.26-21.41.41:007][  0]LogSlate: Took 0.000165 seconds to synchronously load lazily loaded font '../../../Engine/Content/Slate/Fonts/Roboto-Bold.ttf' (160K)
[2021.05.26-21.41.41:011][  0]LogSlate: Took 0.000168 seconds to synchronously load lazily loaded font '../../../Engine/Content/Editor/Slate/Fonts/FontAwesome.ttf' (139K)
[2021.05.26-21.41.41:073][  0]LogRenderer: Reallocating scene render targets to support 1168x600 Format 10 NumSamples 1 (Frame:1).
[2021.05.26-21.41.41:279][  0]LogContentBrowser: Native class hierarchy updated for 'HierarchicalLODOutliner' in 0.0006 seconds. Added 1 classes and 2 folders.
[2021.05.26-21.41.41:279][  0]LogLoad: (Engine Initialization) Total time: 18.54 seconds
[2021.05.26-21.41.41:279][  0]LogLoad: (Engine Initialization) Total Blueprint compile time: 0.00 seconds
[2021.05.26-21.41.41:280][  0]LogExternalProfiler: No external profilers were discovered.  External profiling features will not be available.
[2021.05.26-21.41.41:303][  0]LogAssetRegistry: Asset discovery search completed in 12.3432 seconds
[2021.05.26-21.41.41:304][  0]LogCollectionManager: Rebuilt the object cache for 0 collections in 0.000001 seconds (found 0 objects)
[2021.05.26-21.41.41:304][  0]LogCollectionManager: Fixed up redirectors for 0 collections in 0.000027 seconds (updated 0 objects)
[2021.05.26-21.41.41:307][  0]LogContentStreaming: Texture pool size now 1000 MB
[2021.05.26-21.41.41:336][  0]LogSlate: Took 0.000141 seconds to synchronously load lazily loaded font '../../../Engine/Content/Slate/Fonts/Roboto-Light.ttf' (159K)
[2021.05.26-21.42.01:419][369]LogEditorViewport: Clicking on Actor (LMB): PaperTileMapActor (LevelOne_TileMap)
[2021.05.26-21.42.02:686][517]LogEditorViewport: Clicking on Actor (LMB): PaperTileMapActor (LevelOne_TileMap)
[2021.05.26-21.42.24:321][ 76]Cmd: CAMERA ALIGN ACTIVEVIEWPORTONLY
[2021.05.26-21.42.47:256][ 48]LogTextFormatter: Warning: Failed to parse argument "ExistingAsset" as a number (using "0" as a fallback). Please check your format string for errors: "{ExistingAsset} already exists. Do you want to replace it?".
[2021.05.26-21.43.51:656][512]LogSlate: Took 0.000143 seconds to synchronously load lazily loaded font '../../../Engine/Content/Slate/Fonts/Roboto-Light.ttf' (159K)
[2021.05.26-21.44.00:145][512]LogTextFormatter: Warning: Failed to parse argument "ExistingAsset" as a number (using "0" as a fallback). Please check your format string for errors: "{ExistingAsset} already exists. Do you want to replace it?".
[2021.05.26-21.44.02:678][512]Cmd: OBJ SAVEPACKAGE PACKAGE="/Game/LevelOne" FILE="../../../../Users/noman/Documents/Unreal Projects/A1/Content/LevelOne.umap" SILENT=true AUTOSAVING=false KEEPDIRTY=false
[2021.05.26-21.44.02:709][512]LogSavePackage: Save=17.91ms
[2021.05.26-21.44.02:709][512]LogSavePackage: Moving '../../../../Users/noman/Documents/Unreal Projects/A1/Saved/LevelOneBFFBD59649134DE78A50649DB173FD7D.tmp' to '../../../../Users/noman/Documents/Unreal Projects/A1/Content/LevelOne.umap'
[2021.05.26-21.44.02:711][512]LogSavePackage: Display: Finished SavePackage ../../../../Users/noman/Documents/Unreal Projects/A1/Content/LevelOne.umap
[2021.05.26-21.44.02:722][512]LogFileHelpers: Saving map 'LevelOne' took 0.398
[2021.05.26-21.44.08:184][161]Cmd: OBJ SAVEPACKAGE PACKAGE="/Game/LevelOne" FILE="../../../../Users/noman/Documents/Unreal Projects/A1/Content/LevelOne.umap" SILENT=true AUTOSAVING=false KEEPDIRTY=false
[2021.05.26-21.44.08:208][161]LogSavePackage: Save=14.92ms
[2021.05.26-21.44.08:208][161]LogSavePackage: Moving '../../../../Users/noman/Documents/Unreal Projects/A1/Saved/LevelOne6D11605946D5E62386EF69B6F360CEC9.tmp' to '../../../../Users/noman/Documents/Unreal Projects/A1/Content/LevelOne.umap'
[2021.05.26-21.44.08:209][161]LogSavePackage: Display: Finished SavePackage ../../../../Users/noman/Documents/Unreal Projects/A1/Content/LevelOne.umap
[2021.05.26-21.44.08:220][161]Cmd: OBJ SAVEPACKAGE PACKAGE="/Game/LevelOne_BuiltData" FILE="../../../../Users/noman/Documents/Unreal Projects/A1/Content/LevelOne_BuiltData.uasset" SILENT=true
[2021.05.26-21.44.08:228][161]LogSavePackage: Save=6.52ms
[2021.05.26-21.44.08:228][161]LogSavePackage: Moving '../../../../Users/noman/Documents/Unreal Projects/A1/Saved/LevelOne_BuiltData847170584AD06D24177D04839500379E.tmp' to '../../../../Users/noman/Documents/Unreal Projects/A1/Content/LevelOne_BuiltData.uasset'
[2021.05.26-21.44.08:228][161]LogSavePackage: Display: Finished SavePackage ../../../../Users/noman/Documents/Unreal Projects/A1/Content/LevelOne_BuiltData.uasset
[2021.05.26-21.47.39:610][698]LogSlate: Took 0.005960 seconds to synchronously load lazily loaded font '../../../Engine/Content/Editor/Slate/Fonts/Roboto-Italic.ttf' (157K)
[2021.05.26-21.47.41:639][704]LogWindowsTextInputMethodSystem: Display: IME system now deactivated.
[2021.05.26-21.47.41:784][705]Cmd: QUIT_EDITOR
[2021.05.26-21.47.41:802][705]LogExit: Preparing to exit.
[2021.05.26-21.47.42:274][705]LogDirectoryWatcher: A directory notification for 'C:/Users/noman/Documents/Unreal Projects/A1/Content/' was aborted.
[2021.05.26-21.47.42:284][705]LogExit: Editor shut down
[2021.05.26-21.47.42:287][705]LogExit: Transaction tracking system shut down
[2021.05.26-21.47.42:461][705]LogDirectoryWatcher: A directory notification for '../../../Engine/Content/' was aborted.
[2021.05.26-21.47.42:461][705]LogDirectoryWatcher: A directory notification for '../../../../Users/noman/Documents/Unreal Projects/A1/Content/' was aborted.
[2021.05.26-21.47.42:461][705]LogDirectoryWatcher: A directory notification for '../../../Engine/Plugins/2D/Paper2D/Content/' was aborted.
[2021.05.26-21.47.42:461][705]LogDirectoryWatcher: A directory notification for '../../../Engine/Plugins/Runtime/Oculus/OculusVR/Content/' was aborted.
[2021.05.26-21.47.42:461][705]LogDirectoryWatcher: A directory notification for '../../../Engine/Plugins/Runtime/Steam/SteamVR/Content/' was aborted.
[2021.05.26-21.47.42:507][705]LogExit: Object subsystem successfully closed.
[2021.05.26-21.47.42:522][705]LogD3D11RHI: Shutdown
[2021.05.26-21.47.42:522][705]LogD3D11RHI: CleanupD3DDevice
[2021.05.26-21.47.42:596][705]LogD3D11RHI: ~FD3D11DynamicRHI
[2021.05.26-21.47.42:612][705]LogModuleManager: Shutting down and abandoning module HierarchicalLODOutliner (530)
[2021.05.26-21.47.42:612][705]LogModuleManager: Shutting down and abandoning module SceneOutliner (528)
[2021.05.26-21.47.42:612][705]LogModuleManager: Shutting down and abandoning module AddContentDialog (526)
[2021.05.26-21.47.42:612][705]LogDirectoryWatcher: A directory notification for 'C:/UE_4.17/FeaturePacks/' was aborted.
[2021.05.26-21.47.42:616][705]LogModuleManager: Shutting down and abandoning module WidgetCarousel (525)
[2021.05.26-21.47.42:616][705]LogModuleManager: Shutting down and abandoning module EditorWidgets (522)
[2021.05.26-21.47.42:616][705]LogModuleManager: Shutting down and abandoning module CollectionManager (520)
[2021.05.26-21.47.42:616][705]LogDirectoryWatcher: A directory notification for 'C:/Users/noman/Documents/Unreal Projects/A1/Content/Collections/' was aborted.
[2021.05.26-21.47.42:617][705]LogDirectoryWatcher: A directory notification for 'C:/Users/noman/Documents/Unreal Projects/A1/Content/Developers/noman/Collections/' was aborted.
[2021.05.26-21.47.42:617][705]LogDirectoryWatcher: A directory notification for 'C:/Users/noman/Documents/Unreal Projects/A1/Saved/Collections/' was aborted.
[2021.05.26-21.47.42:617][705]LogModuleManager: Shutting down and abandoning module StatsViewer (518)
[2021.05.26-21.47.42:617][705]LogModuleManager: Shutting down and abandoning module FoliageEdit (516)
[2021.05.26-21.47.42:617][705]LogModuleManager: Shutting down and abandoning module LandscapeEditor (514)
[2021.05.26-21.47.42:617][705]LogModuleManager: Shutting down and abandoning module MeshPaintMode (512)
[2021.05.26-21.47.42:617][705]LogModuleManager: Shutting down and abandoning module SceneDepthPickerMode (510)
[2021.05.26-21.47.42:617][705]LogModuleManager: Shutting down and abandoning module ActorPickerMode (508)
[2021.05.26-21.47.42:617][705]LogModuleManager: Shutting down and abandoning module GeometryMode (506)
[2021.05.26-21.47.42:617][705]LogModuleManager: Shutting down and abandoning module TextureAlignMode (504)
[2021.05.26-21.47.42:617][705]LogModuleManager: Shutting down and abandoning module BspMode (502)
[2021.05.26-21.47.42:617][705]LogModuleManager: Shutting down and abandoning module PIEPreviewDeviceProfileSelector (500)
[2021.05.26-21.47.42:617][705]LogModuleManager: Shutting down and abandoning module HardwareSurvey (498)
[2021.05.26-21.47.42:617][705]LogModuleManager: Shutting down and abandoning module SequenceRecorderSections (496)
[2021.05.26-21.47.42:617][705]LogModuleManager: Shutting down and abandoning module AutomationWorker (494)
[2021.05.26-21.47.42:617][705]LogModuleManager: Shutting down and abandoning module MatineeToLevelSequence (492)
[2021.05.26-21.47.42:617][705]LogModuleManager: Shutting down and abandoning module LevelSequenceEditor (490)
[2021.05.26-21.47.42:617][705]LogModuleManager: Shutting down and abandoning module PlacementMode (489)
[2021.05.26-21.47.42:617][705]LogModuleManager: Shutting down and abandoning module WmfMediaFactory (486)
[2021.05.26-21.47.42:617][705]LogModuleManager: Shutting down and abandoning module WmfMediaEditor (484)
[2021.05.26-21.47.42:617][705]LogModuleManager: Shutting down and abandoning module AvfMediaFactory (482)
[2021.05.26-21.47.42:617][705]LogModuleManager: Shutting down and abandoning module AvfMediaEditor (480)
[2021.05.26-21.47.42:617][705]LogModuleManager: Shutting down and abandoning module AndroidMediaFactory (478)
[2021.05.26-21.47.42:617][705]LogModuleManager: Shutting down and abandoning module Media (477)
[2021.05.26-21.47.42:617][705]LogModuleManager: Shutting down and abandoning module AndroidMediaEditor (474)
[2021.05.26-21.47.42:617][705]LogModuleManager: Shutting down and abandoning module CharacterAI (472)
[2021.05.26-21.47.42:617][705]LogModuleManager: Shutting down and abandoning module AudioCapture (470)
[2021.05.26-21.47.42:617][705]LogModuleManager: Shutting down and abandoning module SequenceRecorder (469)
[2021.05.26-21.47.42:617][705]LogModuleManager: Shutting down and abandoning module SmartSnapping (466)
[2021.05.26-21.47.42:617][705]LogModuleManager: Shutting down and abandoning module SessionServices (464)
[2021.05.26-21.47.42:617][705]LogModuleManager: Shutting down and abandoning module ViewportSnapping (462)
[2021.05.26-21.47.42:617][705]LogModuleManager: Shutting down and abandoning module ViewportInteraction (460)
[2021.05.26-21.47.42:617][705]LogModuleManager: Shutting down and abandoning module ClothPainter (458)
[2021.05.26-21.47.42:617][705]LogModuleManager: Shutting down and abandoning module LogVisualizer (456)
[2021.05.26-21.47.42:617][705]LogModuleManager: Shutting down and abandoning module IntroTutorials (454)
[2021.05.26-21.47.42:617][705]LogModuleManager: Shutting down and abandoning module GameProjectGeneration (453)
[2021.05.26-21.47.42:617][705]LogModuleManager: Shutting down and abandoning module IOSPlatformEditor (450)
[2021.05.26-21.47.42:617][705]LogModuleManager: Shutting down and abandoning module HTML5PlatformEditor (448)
[2021.05.26-21.47.42:617][705]LogModuleManager: Shutting down and abandoning module AndroidPlatformEditor (446)
[2021.05.26-21.47.42:617][705]LogModuleManager: Shutting down and abandoning module AndroidDeviceDetection (445)
[2021.05.26-21.47.42:660][705]LogModuleManager: Shutting down and abandoning module WindowsPlatformEditor (442)
[2021.05.26-21.47.42:660][705]LogModuleManager: Shutting down and abandoning module IOSRuntimeSettings (440)
[2021.05.26-21.47.42:660][705]LogModuleManager: Shutting down and abandoning module AndroidRuntimeSettings (438)
[2021.05.26-21.47.42:660][705]LogModuleManager: Shutting down and abandoning module InputBindingEditor (436)
[2021.05.26-21.47.42:660][705]LogModuleManager: Shutting down and abandoning module MergeActors (434)
[2021.05.26-21.47.42:660][705]LogModuleManager: Shutting down and abandoning module SizeMap (432)
[2021.05.26-21.47.42:660][705]LogModuleManager: Shutting down and abandoning module TreeMap (430)
[2021.05.26-21.47.42:660][705]LogModuleManager: Shutting down and abandoning module ReferenceViewer (428)
[2021.05.26-21.47.42:660][705]LogModuleManager: Shutting down and abandoning module LocalizationDashboard (426)
[2021.05.26-21.47.42:660][705]LogModuleManager: Shutting down and abandoning module LocalizationService (425)
[2021.05.26-21.47.42:660][705]LogModuleManager: Shutting down and abandoning module HardwareTargeting (422)
[2021.05.26-21.47.42:660][705]LogModuleManager: Shutting down and abandoning module DeviceProfileEditor (420)
[2021.05.26-21.47.42:660][705]LogModuleManager: Shutting down and abandoning module UndoHistory (418)
[2021.05.26-21.47.42:660][705]LogModuleManager: Shutting down and abandoning module XmlParser (416)
[2021.05.26-21.47.42:660][705]LogModuleManager: Shutting down and abandoning module Blutility (414)
[2021.05.26-21.47.42:660][705]LogModuleManager: Shutting down and abandoning module ProjectSettingsViewer (412)
[2021.05.26-21.47.42:660][705]LogModuleManager: Shutting down and abandoning module ProjectTargetPlatformEditor (411)
[2021.05.26-21.47.42:661][705]LogModuleManager: Shutting down and abandoning module EditorSettingsViewer (408)
[2021.05.26-21.47.42:661][705]LogModuleManager: Shutting down and abandoning module SettingsEditor (406)
[2021.05.26-21.47.42:661][705]LogModuleManager: Shutting down and abandoning module ProjectLauncher (404)
[2021.05.26-21.47.42:661][705]LogModuleManager: Shutting down and abandoning module SessionFrontend (402)
[2021.05.26-21.47.42:661][705]LogModuleManager: Shutting down and abandoning module ProfilerClient (400)
[2021.05.26-21.47.42:661][705]LogModuleManager: Shutting down and abandoning module DeviceManager (398)
[2021.05.26-21.47.42:661][705]LogModuleManager: Shutting down and abandoning module TargetDeviceServices (397)
[2021.05.26-21.47.42:704][705]LogModuleManager: Shutting down and abandoning module AutomationController (394)
[2021.05.26-21.47.42:704][705]LogModuleManager: Shutting down and abandoning module AutomationWindow (392)
[2021.05.26-21.47.42:704][705]LogModuleManager: Shutting down and abandoning module Layers (390)
[2021.05.26-21.47.42:704][705]LogModuleManager: Shutting down and abandoning module ComponentVisualizers (388)
[2021.05.26-21.47.42:704][705]LogModuleManager: Shutting down and abandoning module DetailCustomizations (386)
[2021.05.26-21.47.42:704][705]LogModuleManager: Shutting down and abandoning module PackagesDialog (384)
[2021.05.26-21.47.42:704][705]LogModuleManager: Shutting down and abandoning module Persona (382)
[2021.05.26-21.47.42:704][705]LogModuleManager: Shutting down and abandoning module AdvancedPreviewScene (381)
[2021.05.26-21.47.42:704][705]LogModuleManager: Shutting down and abandoning module AnimGraph (379)
[2021.05.26-21.47.42:704][705]LogModuleManager: Shutting down and abandoning module Kismet (376)
[2021.05.26-21.47.42:704][705]LogModuleManager: Shutting down and abandoning module ClassViewer (374)
[2021.05.26-21.47.42:704][705]LogModuleManager: Shutting down and abandoning module Toolbox (372)
[2021.05.26-21.47.42:704][705]LogModuleManager: Shutting down and abandoning module ModuleUI (370)
[2021.05.26-21.47.42:704][705]LogModuleManager: Shutting down and abandoning module MovieSceneTools (368)
[2021.05.26-21.47.42:704][705]LogModuleManager: Shutting down and abandoning module OutputLog (366)
[2021.05.26-21.47.42:704][705]LogModuleManager: Shutting down and abandoning module GammaUI (364)
[2021.05.26-21.47.42:704][705]LogModuleManager: Shutting down and abandoning module Documentation (362)
[2021.05.26-21.47.42:704][705]LogModuleManager: Shutting down and abandoning module MovieSceneTracks (360)
[2021.05.26-21.47.42:704][705]LogModuleManager: Shutting down and abandoning module MovieScene (358)
[2021.05.26-21.47.42:704][705]LogModuleManager: Shutting down and abandoning module Niagara (356)
[2021.05.26-21.47.42:704][705]LogModuleManager: Shutting down and abandoning module NiagaraEditor (355)
[2021.05.26-21.47.42:704][705]LogModuleManager: Shutting down and abandoning module StreamingPauseRendering (352)
[2021.05.26-21.47.42:704][705]LogModuleManager: Shutting down and abandoning module LauncherPlatform (350)
[2021.05.26-21.47.42:704][705]LogModuleManager: Shutting down and abandoning module AnalyticsET (348)
[2021.05.26-21.47.42:704][705]LogModuleManager: Shutting down and abandoning module PortalServices (346)
[2021.05.26-21.47.42:704][705]LogModuleManager: Shutting down and abandoning module PortalRpc (344)
[2021.05.26-21.47.42:705][705]LogModuleManager: Shutting down and abandoning module MessagingRpc (342)
[2021.05.26-21.47.42:705][705]LogModuleManager: Shutting down and abandoning module AIModule (340)
[2021.05.26-21.47.42:705][705]LogModuleManager: Shutting down and abandoning module GameplayDebugger (339)
[2021.05.26-21.47.42:705][705]LogModuleManager: Shutting down and abandoning module AITestSuite (337)
[2021.05.26-21.47.42:705][705]LogModuleManager: Shutting down and abandoning module ProfilerService (334)
[2021.05.26-21.47.42:734][705]LogModuleManager: Shutting down and abandoning module TaskGraph (332)
[2021.05.26-21.47.42:734][705]LogModuleManager: Shutting down and abandoning module SteamVRController (330)
[2021.05.26-21.47.42:734][705]LogModuleManager: Shutting down and abandoning module ProceduralMeshComponentEditor (328)
[2021.05.26-21.47.42:734][705]LogModuleManager: Shutting down and abandoning module ProceduralMeshComponent (326)
[2021.05.26-21.47.42:734][705]LogModuleManager: Shutting down and abandoning module OculusInput (324)
[2021.05.26-21.47.42:734][705]LogModuleManager: Shutting down and abandoning module MobilePatchingUtils (322)
[2021.05.26-21.47.42:734][705]LogModuleManager: Shutting down and abandoning module CustomMeshComponent (320)
[2021.05.26-21.47.42:734][705]LogModuleManager: Shutting down and abandoning module CableComponent (318)
[2021.05.26-21.47.42:734][705]LogModuleManager: Shutting down and abandoning module ArchVisCharacter (316)
[2021.05.26-21.47.42:734][705]LogModuleManager: Shutting down and abandoning module AndroidPermission (314)
[2021.05.26-21.47.42:734][705]LogModuleManager: Shutting down and abandoning module MediaPlayerEditor (310)
[2021.05.26-21.47.42:734][705]LogModuleManager: Shutting down and abandoning module HTML5Networking (308)
[2021.05.26-21.47.42:734][705]LogModuleManager: Shutting down and abandoning module AlembicImporter (306)
[2021.05.26-21.47.42:734][705]LogModuleManager: Shutting down and abandoning module AlembicLibrary (305)
[2021.05.26-21.47.42:734][705]LogModuleManager: Shutting down and abandoning module GeometryCache (304)
[2021.05.26-21.47.42:734][705]LogModuleManager: Shutting down and abandoning module GeometryCacheEd (303)
[2021.05.26-21.47.42:735][705]LogModuleManager: Shutting down and abandoning module SpeedTreeImporter (298)
[2021.05.26-21.47.42:735][705]LogModuleManager: Shutting down and abandoning module PluginBrowser (296)
[2021.05.26-21.47.42:735][705]LogModuleManager: Shutting down and abandoning module MobileLauncherProfileWizard (294)
[2021.05.26-21.47.42:735][705]LogModuleManager: Shutting down and abandoning module VisualStudioSourceCodeAccess (292)
[2021.05.26-21.47.42:735][705]LogModuleManager: Shutting down and abandoning module DesktopPlatform (291)
[2021.05.26-21.47.42:735][705]LogModuleManager: Shutting down and abandoning module UObjectPlugin (288)
[2021.05.26-21.47.42:735][705]LogModuleManager: Shutting down and abandoning module SubversionSourceControl (286)
[2021.05.26-21.47.42:735][705]LogModuleManager: Shutting down and abandoning module PerforceSourceControl (284)
[2021.05.26-21.47.42:735][705]LogModuleManager: Shutting down and abandoning module GitSourceControl (282)
[2021.05.26-21.47.42:735][705]LogModuleManager: Shutting down and abandoning module SourceControl (281)
[2021.05.26-21.47.42:735][705]LogModuleManager: Shutting down and abandoning module LightPropagationVolumeEditor (278)
[2021.05.26-21.47.42:735][705]LogModuleManager: Shutting down and abandoning module PaperTiledImporter (276)
[2021.05.26-21.47.42:735][705]LogModuleManager: Shutting down and abandoning module PaperSpriteSheetImporter (274)
[2021.05.26-21.47.42:735][705]LogModuleManager: Shutting down and abandoning module Paper2DEditor (272)
[2021.05.26-21.47.42:735][705]LogModuleManager: Shutting down and abandoning module MeshPaint (271)
[2021.05.26-21.47.42:735][705]LogModuleManager: Shutting down and abandoning module LevelEditor (269)
[2021.05.26-21.47.42:735][705]LogModuleManager: Shutting down and abandoning module PixelInspectorModule (268)
[2021.05.26-21.47.42:735][705]LogModuleManager: Shutting down and abandoning module MainFrame (266)
[2021.05.26-21.47.42:736][705]LogModuleManager: Shutting down and abandoning module HotReload (265)
[2021.05.26-21.47.42:736][705]LogModuleManager: Shutting down and abandoning module RuntimePhysXCooking (260)
[2021.05.26-21.47.42:736][705]LogModuleManager: Shutting down and abandoning module PhysXVehiclesEditor (258)
[2021.05.26-21.47.42:736][705]LogModuleManager: Shutting down and abandoning module PhysXVehicles (256)
[2021.05.26-21.47.42:736][705]LogModuleManager: Shutting down and abandoning module OculusEditor (254)
[2021.05.26-21.47.42:736][705]LogModuleManager: Shutting down and abandoning module LocationServicesBPLibrary (252)
[2021.05.26-21.47.42:736][705]LogModuleManager: Shutting down and abandoning module ImmediatePhysicsEditor (250)
[2021.05.26-21.47.42:736][705]LogModuleManager: Shutting down and abandoning module ImmediatePhysics (248)
[2021.05.26-21.47.42:736][705]LogModuleManager: Shutting down and abandoning module UdpMessaging (246)
[2021.05.26-21.47.42:837][705]LogModuleManager: Shutting down and abandoning module TcpMessaging (244)
[2021.05.26-21.47.43:134][705]LogModuleManager: Shutting down and abandoning module GameplayTagsEditor (242)
[2021.05.26-21.47.43:134][705]LogModuleManager: Shutting down and abandoning module FacialAnimationEditor (240)
[2021.05.26-21.47.43:134][705]LogModuleManager: Shutting down and abandoning module FacialAnimation (238)
[2021.05.26-21.47.43:134][705]LogModuleManager: Shutting down and abandoning module AssetManagerEditor (236)
[2021.05.26-21.47.43:134][705]LogModuleManager: Shutting down and abandoning module GraphEditor (235)
[2021.05.26-21.47.43:134][705]LogModuleManager: Shutting down and abandoning module ContentBrowser (233)
[2021.05.26-21.47.43:135][705]LogModuleManager: Shutting down and abandoning module LightPropagationVolumeRuntime (230)
[2021.05.26-21.47.43:135][705]LogModuleManager: Shutting down and abandoning module Paper2D (228)
[2021.05.26-21.47.43:135][705]LogModuleManager: Shutting down and abandoning module WindowsMoviePlayer (226)
[2021.05.26-21.47.43:135][705]LogModuleManager: Shutting down and abandoning module WmfMedia (224)
[2021.05.26-21.47.43:136][705]LogModuleManager: Shutting down and abandoning module PacketHandler (222)
[2021.05.26-21.47.43:136][705]LogModuleManager: Shutting down and abandoning module ClothingSystemEditor (220)
[2021.05.26-21.47.43:136][705]LogModuleManager: Shutting down and abandoning module ClothingSystemRuntime (218)
[2021.05.26-21.47.43:136][705]LogModuleManager: Shutting down and abandoning module Overlay (216)
[2021.05.26-21.47.43:136][705]LogModuleManager: Shutting down and abandoning module OverlayEditor (215)
[2021.05.26-21.47.43:136][705]LogModuleManager: Shutting down and abandoning module MediaAssets (212)
[2021.05.26-21.47.43:136][705]LogModuleManager: Shutting down and abandoning module VREditor (210)
[2021.05.26-21.47.43:136][705]LogModuleManager: Shutting down and abandoning module StringTableEditor (208)
[2021.05.26-21.47.43:136][705]LogModuleManager: Shutting down and abandoning module GameplayTasksEditor (206)
[2021.05.26-21.47.43:136][705]LogModuleManager: Shutting down and abandoning module BehaviorTreeEditor (204)
[2021.05.26-21.47.43:137][705]LogModuleManager: Shutting down and abandoning module FunctionalTesting (202)
[2021.05.26-21.47.43:137][705]LogModuleManager: Shutting down and abandoning module CollisionAnalyzer (200)
[2021.05.26-21.47.43:137][705]LogModuleManager: Shutting down and abandoning module WorkspaceMenuStructure (199)
[2021.05.26-21.47.43:137][705]LogModuleManager: Shutting down and abandoning module UMG (196)
[2021.05.26-21.47.43:137][705]LogModuleManager: Shutting down and abandoning module UMGEditor (195)
[2021.05.26-21.47.43:137][705]LogModuleManager: Shutting down and abandoning module Sequencer (194)
[2021.05.26-21.47.43:137][705]LogModuleManager: Shutting down and abandoning module MessageLog (191)
[2021.05.26-21.47.43:137][705]LogModuleManager: Shutting down and abandoning module SlateReflector (186)
[2021.05.26-21.47.43:137][705]LogModuleManager: Shutting down and abandoning module Slate (184)
[2021.05.26-21.47.43:137][705]LogModuleManager: Shutting down and abandoning module EditorStyle (182)
[2021.05.26-21.47.43:139][705]LogModuleManager: Shutting down and abandoning module MRMesh (180)
[2021.05.26-21.47.43:139][705]LogModuleManager: Shutting down and abandoning module SourceCodeAccess (178)
[2021.05.26-21.47.43:139][705]LogModuleManager: Shutting down and abandoning module HeadMountedDisplay (176)
[2021.05.26-21.47.43:139][705]LogModuleManager: Shutting down and abandoning module XAudio2 (174)
[2021.05.26-21.47.43:139][705]LogModuleManager: Shutting down and abandoning module Networking (172)
[2021.05.26-21.47.43:139][705]LogModuleManager: Shutting down and abandoning module Core (168)
[2021.05.26-21.47.43:139][705]LogModuleManager: Shutting down and abandoning module KismetCompiler (164)
[2021.05.26-21.47.43:139][705]LogModuleManager: Shutting down and abandoning module LevelSequence (162)
[2021.05.26-21.47.43:139][705]LogModuleManager: Shutting down and abandoning module MeshUtilities (160)
[2021.05.26-21.47.43:139][705]LogModuleManager: Shutting down and abandoning module MeshMergeUtilities (159)
[2021.05.26-21.47.43:139][705]LogModuleManager: Shutting down and abandoning module MeshReductionInterface (158)
[2021.05.26-21.47.43:139][705]LogModuleManager: Shutting down and abandoning module SimplygonSwarm (157)
[2021.05.26-21.47.43:139][705]LogModuleManager: Shutting down and abandoning module SimplygonMeshReduction (155)
[2021.05.26-21.47.43:139][705]LogModuleManager: Shutting down and abandoning module QuadricMeshReduction (153)
[2021.05.26-21.47.43:139][705]LogModuleManager: Shutting down and abandoning module MaterialBaking (149)
[2021.05.26-21.47.43:139][705]LogModuleManager: Shutting down and abandoning module DirectoryWatcher (146)
[2021.05.26-21.47.43:139][705]LogModuleManager: Shutting down and abandoning module DerivedDataCache (144)
[2021.05.26-21.47.43:194][705]LogDerivedDataCache: Shutdown
[2021.05.26-21.47.43:194][705]LogModuleManager: Shutting down and abandoning module TargetPlatform (142)
[2021.05.26-21.47.43:194][705]LogModuleManager: Shutting down and abandoning module VulkanShaderFormat (141)
[2021.05.26-21.47.43:194][705]LogModuleManager: Shutting down and abandoning module ShaderFormatVectorVM (139)
[2021.05.26-21.47.43:194][705]LogModuleManager: Shutting down and abandoning module ShaderFormatOpenGL (137)
[2021.05.26-21.47.43:194][705]LogModuleManager: Shutting down and abandoning module ShaderFormatD3D (135)
[2021.05.26-21.47.43:194][705]LogModuleManager: Shutting down and abandoning module MetalShaderFormat (133)
[2021.05.26-21.47.43:194][705]LogModuleManager: Shutting down and abandoning module TextureFormatUncompressed (131)
[2021.05.26-21.47.43:194][705]LogModuleManager: Shutting down and abandoning module TextureFormatPVR (129)
[2021.05.26-21.47.43:194][705]LogModuleManager: Shutting down and abandoning module TextureFormatDXT (127)
[2021.05.26-21.47.43:194][705]LogModuleManager: Shutting down and abandoning module TextureFormatIntelISPCTexComp (125)
[2021.05.26-21.47.43:194][705]LogModuleManager: Shutting down and abandoning module TextureFormatASTC (123)
[2021.05.26-21.47.43:194][705]LogModuleManager: Shutting down and abandoning module ImageWrapper (122)
[2021.05.26-21.47.43:194][705]LogModuleManager: Shutting down and abandoning module TextureFormatAndroid (119)
[2021.05.26-21.47.43:194][705]LogModuleManager: Shutting down and abandoning module AudioFormatOpus (117)
[2021.05.26-21.47.43:194][705]LogModuleManager: Shutting down and abandoning module AudioFormatOgg (115)
[2021.05.26-21.47.43:194][705]LogModuleManager: Shutting down and abandoning module AudioFormatADPCM (113)
[2021.05.26-21.47.43:194][705]LogModuleManager: Shutting down and abandoning module LinuxTargetPlatform (111)
[2021.05.26-21.47.43:195][705]LogModuleManager: Shutting down and abandoning module LinuxServerTargetPlatform (109)
[2021.05.26-21.47.43:195][705]LogModuleManager: Shutting down and abandoning module LinuxNoEditorTargetPlatform (107)
[2021.05.26-21.47.43:195][705]LogModuleManager: Shutting down and abandoning module LinuxClientTargetPlatform (105)
[2021.05.26-21.47.43:195][705]LogModuleManager: Shutting down and abandoning module TVOSTargetPlatform (103)
[2021.05.26-21.47.43:195][705]LogModuleManager: Shutting down and abandoning module Messaging (101)
[2021.05.26-21.47.43:195][705]LogModuleManager: Shutting down and abandoning module IOSTargetPlatform (99)
[2021.05.26-21.47.43:195][705]LogModuleManager: Shutting down and abandoning module HTML5TargetPlatform (97)
[2021.05.26-21.47.43:195][705]LogModuleManager: Shutting down and abandoning module Android_PVRTCTargetPlatform (95)
[2021.05.26-21.47.43:195][705]LogModuleManager: Shutting down and abandoning module Android_MultiTargetPlatform (93)
[2021.05.26-21.47.43:195][705]LogModuleManager: Shutting down and abandoning module Android_ETC2TargetPlatform (91)
[2021.05.26-21.47.43:195][705]LogModuleManager: Shutting down and abandoning module Android_ETC1TargetPlatform (89)
[2021.05.26-21.47.43:195][705]LogModuleManager: Shutting down and abandoning module Android_DXTTargetPlatform (87)
[2021.05.26-21.47.43:195][705]LogModuleManager: Shutting down and abandoning module Android_ATCTargetPlatform (85)
[2021.05.26-21.47.43:195][705]LogModuleManager: Shutting down and abandoning module Android_ASTCTargetPlatform (83)
[2021.05.26-21.47.43:195][705]LogModuleManager: Shutting down and abandoning module AndroidTargetPlatform (81)
[2021.05.26-21.47.43:195][705]LogModuleManager: Shutting down and abandoning module WindowsTargetPlatform (79)
[2021.05.26-21.47.43:195][705]LogModuleManager: Shutting down and abandoning module WindowsServerTargetPlatform (77)
[2021.05.26-21.47.43:195][705]LogModuleManager: Shutting down and abandoning module WindowsNoEditorTargetPlatform (75)
[2021.05.26-21.47.43:195][705]LogModuleManager: Shutting down and abandoning module WindowsClientTargetPlatform (73)
[2021.05.26-21.47.43:195][705]LogModuleManager: Shutting down and abandoning module MacTargetPlatform (71)
[2021.05.26-21.47.43:195][705]LogModuleManager: Shutting down and abandoning module MacServerTargetPlatform (69)
[2021.05.26-21.47.43:195][705]LogModuleManager: Shutting down and abandoning module MacNoEditorTargetPlatform (67)
[2021.05.26-21.47.43:195][705]LogModuleManager: Shutting down and abandoning module MacClientTargetPlatform (65)
[2021.05.26-21.47.43:195][705]LogModuleManager: Shutting down and abandoning module AllDesktopTargetPlatform (63)
[2021.05.26-21.47.43:195][705]LogModuleManager: Shutting down and abandoning module InputCore (60)
[2021.05.26-21.47.43:195][705]LogModuleManager: Shutting down and abandoning module Settings (58)
[2021.05.26-21.47.43:195][705]LogModuleManager: Shutting down and abandoning module PhysXCooking (56)
[2021.05.26-21.47.43:195][705]LogModuleManager: Shutting down and abandoning module SteamVR (54)
[2021.05.26-21.47.43:195][705]LogModuleManager: Shutting down and abandoning module OculusHMD (52)
[2021.05.26-21.47.43:195][705]LogModuleManager: Shutting down and abandoning module ExampleDeviceProfileSelector (50)
[2021.05.26-21.47.43:195][705]LogModuleManager: Shutting down and abandoning module OnlineBlueprintSupport (48)
[2021.05.26-21.47.43:195][705]LogModuleManager: Shutting down and abandoning module OnlineSubsystem (44)
[2021.05.26-21.47.43:195][705]LogOnline: Display: Unloading online subsystem: NULL
[2021.05.26-21.47.43:195][705]LogModuleManager: Shutting down and abandoning module XMPP (43)
[2021.05.26-21.47.43:195][705]LogModuleManager: Shutting down and abandoning module HTTP (41)
[2021.05.26-21.47.43:195][705]LogHttp: Display: Http module shutting down, but needs to wait on 1 outstanding Http requests:
[2021.05.26-21.47.43:195][705]LogHttp: Display: 	verb=[POST] url=[https://datarouter.ol.epicgames.com/datarouter/api/v1/public/data?SessionID=%7BB8C139B7-4F90-E39F-6E01-9A93A2EFB1D0%7D&AppID=UEEditor.Rocket.Release&AppVersion=4.17.2-3658906%2B%2B%2BUE4%2BRelease-4.17&UserID=b67de0de482199c22f448281d4f34e7c%7C2679e70e3c004fdaabad7c35266e5ac2%7C025a0d02-9521-48bc-8362-409aedaa7a74&AppEnvironment=datacollector-binary&UploadType=eteventstream] status=Processing
[2021.05.26-21.47.43:199][705]LogModuleManager: Shutting down and abandoning module SSL (40)
[2021.05.26-21.47.43:200][705]LogModuleManager: Shutting down and abandoning module AnimationModifiers (36)
[2021.05.26-21.47.43:200][705]LogModuleManager: Shutting down and abandoning module PropertyEditor (35)
[2021.05.26-21.47.43:200][705]LogModuleManager: Shutting down and abandoning module AudioEditor (32)
[2021.05.26-21.47.43:201][705]LogModuleManager: Shutting down and abandoning module TextureCompressor (30)
[2021.05.26-21.47.43:201][705]LogModuleManager: Shutting down and abandoning module ShaderCore (28)
[2021.05.26-21.47.43:201][705]LogModuleManager: Shutting down and abandoning module Landscape (26)
[2021.05.26-21.47.43:201][705]LogModuleManager: Shutting down and abandoning module SlateRHIRenderer (24)
[2021.05.26-21.47.43:201][705]LogModuleManager: Shutting down and abandoning module OpenGLDrv (22)
[2021.05.26-21.47.43:201][705]LogModuleManager: Shutting down and abandoning module D3D11RHI (20)
[2021.05.26-21.47.43:201][705]LogModuleManager: Shutting down and abandoning module AnimGraphRuntime (18)
[2021.05.26-21.47.43:201][705]LogModuleManager: Shutting down and abandoning module Renderer (16)
[2021.05.26-21.47.43:201][705]LogModuleManager: Shutting down and abandoning module Engine (14)
[2021.05.26-21.47.43:201][705]LogModuleManager: Shutting down and abandoning module CoreUObject (12)
[2021.05.26-21.47.43:201][705]LogModuleManager: Shutting down and abandoning module NetworkFile (10)
[2021.05.26-21.47.43:201][705]LogModuleManager: Shutting down and abandoning module CookedIterativeFile (8)
[2021.05.26-21.47.43:201][705]LogModuleManager: Shutting down and abandoning module StreamingFile (6)
[2021.05.26-21.47.43:201][705]LogModuleManager: Shutting down and abandoning module SandboxFile (4)
[2021.05.26-21.47.43:201][705]LogModuleManager: Shutting down and abandoning module PakFile (2)
[2021.05.26-21.47.43:205][705]LogExit: Exiting.
[2021.05.26-21.47.43:210][705]Log file closed, 05/26/21 16:47:43
