Log file open, 06/16/21 02:16:08
LogWindows: Failed to load 'aqProf.dll' (GetLastError=126)
LogWindows: File 'aqProf.dll' does not exist
LogWindows: Failed to load 'VSPerf140.dll' (GetLastError=126)
LogWindows: File 'VSPerf140.dll' does not exist
LogWindows: Failed to load 'VtuneApi.dll' (GetLastError=126)
LogWindows: File 'VtuneApi.dll' does not exist
LogWindows: Failed to load 'VtuneApi32e.dll' (GetLastError=126)
LogWindows: File 'VtuneApi32e.dll' does not exist
LogInit: Display: Running engine for game: A4
LogPlatformFile: Not using cached read wrapper
LogInit: Display: RandInit(-23323034) SRandInit(-23323034).
LogTaskGraph: Started task graph with 5 named threads and 26 total threads with 3 sets of task threads.
LogStats: Stats thread started at 0.407581
LogD3D11RHI: Aftermath initialized
LogPluginManager: Mounting plugin Paper2D
LogPluginManager: Mounting plugin LightPropagationVolume
LogPluginManager: Mounting plugin CodeLiteSourceCodeAccess
LogPluginManager: Mounting plugin GitSourceControl
LogPluginManager: Mounting plugin KDevelopSourceCodeAccess
LogPluginManager: Mounting plugin NullSourceCodeAccess
LogPluginManager: Mounting plugin PerforceSourceControl
LogPluginManager: Mounting plugin SubversionSourceControl
LogPluginManager: Mounting plugin UObjectPlugin
LogPluginManager: Mounting plugin VisualStudioSourceCodeAccess
LogPluginManager: Mounting plugin XCodeSourceCodeAccess
LogPluginManager: Mounting plugin AssetManagerEditor
LogPluginManager: Mounting plugin AudioCapture
LogPluginManager: Mounting plugin FacialAnimation
LogPluginManager: Mounting plugin GameplayTagsEditor
LogPluginManager: Mounting plugin MobileLauncherProfileWizard
LogPluginManager: Mounting plugin PluginBrowser
LogPluginManager: Mounting plugin SpeedTreeImporter
LogPluginManager: Mounting plugin AlembicImporter
LogPluginManager: Mounting plugin CharacterAI
LogPluginManager: Mounting plugin HTML5Networking
LogPluginManager: Mounting plugin AndroidMedia
LogPluginManager: Mounting plugin AvfMedia
LogPluginManager: Mounting plugin MediaPlayerEditor
LogPluginManager: Mounting plugin WmfMedia
LogPluginManager: Mounting plugin TcpMessaging
LogPluginManager: Mounting plugin UdpMessaging
LogPluginManager: Mounting plugin LevelSequenceEditor
LogPluginManager: Mounting plugin MatineeToLevelSequence
LogPluginManager: Mounting plugin OnlineSubsystemGooglePlay
LogPluginManager: Mounting plugin OnlineSubsystemIOS
LogPluginManager: Mounting plugin OnlineSubsystem
LogPluginManager: Mounting plugin OnlineSubsystemNull
LogPluginManager: Mounting plugin OnlineSubsystemUtils
LogPluginManager: Mounting plugin AndroidDeviceProfileSelector
LogPluginManager: Mounting plugin AndroidMoviePlayer
LogPluginManager: Mounting plugin AndroidPermission
LogPluginManager: Mounting plugin AppleMoviePlayer
LogPluginManager: Mounting plugin ArchVisCharacter
LogPluginManager: Mounting plugin CableComponent
LogPluginManager: Mounting plugin CustomMeshComponent
LogPluginManager: Mounting plugin ExampleDeviceProfileSelector
LogPluginManager: Mounting plugin GoogleCloudMessaging
LogPluginManager: Mounting plugin ImmediatePhysics
LogPluginManager: Mounting plugin IOSDeviceProfileSelector
LogPluginManager: Mounting plugin LinuxDeviceProfileSelector
LogPluginManager: Mounting plugin LocationServicesBPLibrary
LogPluginManager: Mounting plugin MobilePatchingUtils
LogPluginManager: Mounting plugin OculusVR
LogPluginManager: Mounting plugin PhysXVehicles
LogPluginManager: Mounting plugin ProceduralMeshComponent
LogPluginManager: Mounting plugin RuntimePhysXCooking
LogPluginManager: Mounting plugin SteamVR
LogPluginManager: Mounting plugin WindowsMoviePlayer
LogInit: Using libcurl 7.47.1
LogInit:  - built for x86_64-pc-win32
LogInit:  - supports SSL with OpenSSL/1.0.2g
LogInit:  - supports HTTP deflate (compression) using libz 1.2.8
LogInit:  - other features:
LogInit:      CURL_VERSION_SSL
LogInit:      CURL_VERSION_LIBZ
LogInit:      CURL_VERSION_IPV6
LogInit:      CURL_VERSION_ASYNCHDNS
LogInit:      CURL_VERSION_LARGEFILE
LogInit:      CURL_VERSION_IDN
LogInit:  CurlRequestOptions (configurable via config and command line):
LogInit:  - bVerifyPeer = false  - Libcurl will NOT verify peer certificate
LogInit:  - bUseHttpProxy = false  - Libcurl will NOT use HTTP proxy
LogInit:  - bDontReuseConnections = false  - Libcurl will reuse connections
LogInit:  - CertBundlePath = nullptr  - Libcurl will use whatever was configured at build time.
LogInit: Build: ++UE4+Release-4.17-CL-3658906
LogInit: Engine Version: 4.17.2-3658906+++UE4+Release-4.17
LogInit: Compatible Engine Version: 4.17.0-3573198+++UE4+Release-4.17
LogInit: Net CL: 3573198
LogDevObjectVersion: Number of dev versions registered: 16
LogDevObjectVersion:   Dev-Blueprints (B0D832E4-1F89-4F0D-ACCF-7EB736FD4AA2): 10
LogDevObjectVersion:   Dev-Build (E1C64328-A22C-4D53-A36C-8E866417BD8C): 0
LogDevObjectVersion:   Dev-Core (375EC13C-06E4-48FB-B500-84F0262A717E): 2
LogDevObjectVersion:   Dev-Editor (E4B068ED-F494-42E9-A231-DA0B2E46BB41): 20
LogDevObjectVersion:   Dev-Framework (CFFC743F-43B0-4480-9391-14DF171D2073): 28
LogDevObjectVersion:   Dev-Mobile (B02B49B5-BB20-44E9-A304-32B752E40360): 0
LogDevObjectVersion:   Dev-Networking (A4E4105C-59A1-49B5-A7C5-40C4547EDFEE): 0
LogDevObjectVersion:   Dev-Online (39C831C9-5AE6-47DC-9A44-9C173E1C8E7C): 0
LogDevObjectVersion:   Dev-Physics (78F01B33-EBEA-4F98-B9B4-84EACCB95AA2): 0
LogDevObjectVersion:   Dev-Platform (6631380F-2D4D-43E0-8009-CF276956A95A): 0
LogDevObjectVersion:   Dev-Rendering (12F88B9F-8875-4AFC-A67C-D90C383ABD29): 19
LogDevObjectVersion:   Dev-Sequencer (7B5AE74C-D270-4C10-A958-57980B212A5A): 4
LogDevObjectVersion:   Dev-VR (D7296918-1DD6-4BDD-9DE2-64A83CC13884): 0
LogDevObjectVersion:   Dev-LoadTimes (C2A15278-BFE7-4AFE-6C17-90FF531DF755): 1
LogDevObjectVersion:   Private-Geometry (6EACA3D4-40EC-4CC1-B786-8BED09428FC5): 1
LogDevObjectVersion:   Dev-AnimPhys (29E575DD-E0A3-4627-9D10-D276232CDCEA): 7
LogInit: Compiled (64-bit): Sep 22 2017 13:47:16
LogInit: Compiled with Visual C++: 19.00.24215.01
LogInit: Build Configuration: Development
LogInit: Branch Name: ++UE4+Release-4.17
LogInit: Command line:  
LogInit: Base directory: C:/UE_4.17/Engine/Binaries/Win64/
LogInit: Installed Engine Build: 1
LogInit: Presizing for max 8388607 objects, including 0 objects not considered by GC, pre-allocating 0 bytes for permanent pool.
LogInit: Object subsystem initialized
[2021.06.16-07.16.08:939][  0]LogInit: Selected Device Profile: [Windows]
[2021.06.16-07.16.08:939][  0]LogInit: Applying CVar settings loaded from the selected device profile: [Windows]
[2021.06.16-07.16.08:946][  0]LogInit: Computer: DESKTOP-2KKBEQE
[2021.06.16-07.16.08:946][  0]LogInit: User: noman
[2021.06.16-07.16.08:946][  0]LogInit: CPU Page size=4096, Cores=8
[2021.06.16-07.16.08:946][  0]LogInit: High frequency timer resolution =10.000000 MHz
[2021.06.16-07.16.08:946][  0]LogMemory: Memory total: Physical=15.9GB (16GB approx)
[2021.06.16-07.16.08:946][  0]LogMemory: Platform Memory Stats for Windows
[2021.06.16-07.16.08:946][  0]LogMemory: Process Physical Memory: 281.34 MB used, 281.35 MB peak
[2021.06.16-07.16.08:946][  0]LogMemory: Process Virtual Memory: 281.05 MB used, 281.05 MB peak
[2021.06.16-07.16.08:946][  0]LogMemory: Physical Memory: 8260.61 MB used,  8029.21 MB free, 16289.81 MB total
[2021.06.16-07.16.08:946][  0]LogMemory: Virtual Memory: 4804.71 MB used,  8029.21 MB free, 134217728.00 MB total
[2021.06.16-07.16.09:204][  0]LogInit: Using OS detected language (en-US).
[2021.06.16-07.16.09:204][  0]LogInit: Using OS detected locale (en-US).
[2021.06.16-07.16.09:206][  0]LogTextLocalizationManager: No specific localization for 'en-US' exists, so the 'en' localization will be used.
[2021.06.16-07.16.09:808][  0]LogD3D11RHI: D3D11 adapters:
[2021.06.16-07.16.09:901][  0]LogD3D11RHI:    0. 'NVIDIA GeForce GTX 1060 6GB' (Feature Level 11_0)
[2021.06.16-07.16.09:901][  0]LogD3D11RHI:       6052/0/8144 MB DedicatedVideo/DedicatedSystem/SharedSystem, Outputs:3, VendorId:0x10de
[2021.06.16-07.16.09:903][  0]LogD3D11RHI:    1. 'Microsoft Basic Render Driver' (Feature Level 11_0)
[2021.06.16-07.16.09:903][  0]LogD3D11RHI:       0/0/8144 MB DedicatedVideo/DedicatedSystem/SharedSystem, Outputs:0, VendorId:0x1414
[2021.06.16-07.16.09:903][  0]LogD3D11RHI: Chosen D3D11 Adapter: 0
[2021.06.16-07.16.09:911][  0]LogD3D11RHI: Creating new Direct3DDevice
[2021.06.16-07.16.09:911][  0]LogD3D11RHI:     GPU DeviceId: 0x1c03 (for the marketing name, search the web for "GPU Device Id")
[2021.06.16-07.16.09:911][  0]LogWindows: EnumDisplayDevices:
[2021.06.16-07.16.09:911][  0]LogWindows:    0. 'NVIDIA GeForce GTX 1060 6GB' (P:1 D:1)
[2021.06.16-07.16.09:911][  0]LogWindows:    1. 'NVIDIA GeForce GTX 1060 6GB' (P:0 D:1)
[2021.06.16-07.16.09:912][  0]LogWindows:    2. 'NVIDIA GeForce GTX 1060 6GB' (P:0 D:1)
[2021.06.16-07.16.09:912][  0]LogWindows:    3. 'NVIDIA GeForce GTX 1060 6GB' (P:0 D:0)
[2021.06.16-07.16.09:912][  0]LogWindows: DebugString: GetVideoDriverDetailsInvalid PrimaryIsNotTheChoosenAdapter GetVideoDriverDetailsInvalid PrimaryIsNotTheChoosenAdapter GetVideoDriverDetailsInvalid PrimaryIsNotTheChoosenAdapter GetVideoDriverDetailsInvalid PrimaryIsNotTheChoosenAdapter FoundDriverCount:0 
[2021.06.16-07.16.09:912][  0]LogD3D11RHI:     Adapter Name: NVIDIA GeForce GTX 1060 6GB
[2021.06.16-07.16.09:912][  0]LogD3D11RHI:   Driver Version: Unknown (internal:Unknown, unified:Unknown)
[2021.06.16-07.16.09:912][  0]LogD3D11RHI:      Driver Date: Unknown
[2021.06.16-07.16.09:912][  0]LogRHI: Texture pool is 1361 MB (70% of 1945 MB)
[2021.06.16-07.16.09:986][  0]LogD3D11RHI: Async texture creation enabled
[2021.06.16-07.16.10:001][  0]LogD3D11RHI: GPU Timing Frequency: 1000.000000 (Debug: 2 1)
[2021.06.16-07.16.10:007][  0]LogShaderCompilers: Guid format shader working directory is 12 characters bigger than the processId version (../../../../Users/noman/Desktop/A4/Intermediate/Shaders/WorkingDirectory/4136/).
[2021.06.16-07.16.10:008][  0]LogShaderCompilers: Cleaned the shader compiler working directory 'C:/Users/noman/AppData/Local/Temp/UnrealShaderWorkingDir/4CC7264142BEB288B8315E867D756960/'.
[2021.06.16-07.16.10:008][  0]LogShaderCompilers: Display: Using Local Shader Compiler.
[2021.06.16-07.16.10:851][  0]LogTemp: Display: Loaded TP AllDesktopTargetPlatform
[2021.06.16-07.16.10:916][  0]LogTemp: Display: Loaded TP MacClientTargetPlatform
[2021.06.16-07.16.10:985][  0]LogTemp: Display: Loaded TP MacNoEditorTargetPlatform
[2021.06.16-07.16.11:055][  0]LogTemp: Display: Loaded TP MacServerTargetPlatform
[2021.06.16-07.16.11:120][  0]LogTemp: Display: Loaded TP MacTargetPlatform
[2021.06.16-07.16.11:184][  0]LogTemp: Display: Loaded TP WindowsClientTargetPlatform
[2021.06.16-07.16.11:248][  0]LogTemp: Display: Loaded TP WindowsNoEditorTargetPlatform
[2021.06.16-07.16.11:312][  0]LogTemp: Display: Loaded TP WindowsServerTargetPlatform
[2021.06.16-07.16.11:371][  0]LogTemp: Display: Loaded TP WindowsTargetPlatform
[2021.06.16-07.16.11:434][  0]LogTemp: Display: Loaded TP AndroidTargetPlatform
[2021.06.16-07.16.11:496][  0]LogTemp: Display: Loaded TP Android_ASTCTargetPlatform
[2021.06.16-07.16.11:560][  0]LogTemp: Display: Loaded TP Android_ATCTargetPlatform
[2021.06.16-07.16.11:622][  0]LogTemp: Display: Loaded TP Android_DXTTargetPlatform
[2021.06.16-07.16.11:684][  0]LogTemp: Display: Loaded TP Android_ETC1TargetPlatform
[2021.06.16-07.16.11:749][  0]LogTemp: Display: Loaded TP Android_ETC2TargetPlatform
[2021.06.16-07.16.11:880][  0]LogTemp: Display: Loaded TP Android_MultiTargetPlatform
[2021.06.16-07.16.11:880][  0]LogTemp: Display: Loaded TP Android_PVRTCTargetPlatform
[2021.06.16-07.16.11:936][  0]LogTemp: Display: Loaded TP HTML5TargetPlatform
[2021.06.16-07.16.12:055][  0]LogTemp: Display: Loaded TP IOSTargetPlatform
[2021.06.16-07.16.12:096][  0]LogTemp: Display: Loaded TP TVOSTargetPlatform
[2021.06.16-07.16.12:161][  0]LogTemp: Display: Loaded TP LinuxClientTargetPlatform
[2021.06.16-07.16.12:225][  0]LogTemp: Display: Loaded TP LinuxNoEditorTargetPlatform
[2021.06.16-07.16.12:287][  0]LogTemp: Display: Loaded TP LinuxServerTargetPlatform
[2021.06.16-07.16.12:349][  0]LogTemp: Display: Loaded TP LinuxTargetPlatform
[2021.06.16-07.16.12:349][  0]LogTargetPlatformManager: Display: Building Assets For Windows
[2021.06.16-07.16.13:030][  0]LogDerivedDataCache: Display: Max Cache Size: 512 MB
[2021.06.16-07.16.13:096][  0]LogDerivedDataCache: Loaded boot cache 0.07s 93MB C:/Users/noman/AppData/Local/UnrealEngine/4.17/DerivedDataCache/Boot.ddc.
[2021.06.16-07.16.13:096][  0]LogDerivedDataCache: Display: Loaded Boot cache: C:/Users/noman/AppData/Local/UnrealEngine/4.17/DerivedDataCache/Boot.ddc
[2021.06.16-07.16.13:096][  0]LogDerivedDataCache: FDerivedDataBackendGraph:  Pak pak cache file ../../../../Users/noman/Desktop/A4/DerivedDataCache/DDC.ddp not found, will not use a pak cache.
[2021.06.16-07.16.13:096][  0]LogDerivedDataCache: Unable to find inner node Pak for hierarchical cache Hierarchy.
[2021.06.16-07.16.13:096][  0]LogDerivedDataCache: FDerivedDataBackendGraph:  CompressedPak pak cache file ../../../../Users/noman/Desktop/A4/DerivedDataCache/Compressed.ddp not found, will not use a pak cache.
[2021.06.16-07.16.13:096][  0]LogDerivedDataCache: Unable to find inner node CompressedPak for hierarchical cache Hierarchy.
[2021.06.16-07.16.13:112][  0]LogDerivedDataCache: Display: Pak cache opened for reading ../../../Engine/DerivedDataCache/Compressed.ddp.
[2021.06.16-07.16.13:124][  0]LogDerivedDataCache: Using Local data cache path C:/Users/noman/AppData/Local/UnrealEngine/Common/DerivedDataCache: Writable
[2021.06.16-07.16.13:133][  0]LogMaterial: Verifying Global Shaders for PCD3D_SM5
[2021.06.16-07.16.13:133][  0]LogSlate: Using Freetype 2.6.0
[2021.06.16-07.16.13:134][  0]LogSlate: SlateFontCache - WITH_FREETYPE: 1, WITH_HARFBUZZ: 1
[2021.06.16-07.16.13:134][  0]LogSlate: SlateFontCache - WITH_FREETYPE: 1, WITH_HARFBUZZ: 1
[2021.06.16-07.16.13:354][  0]LogAssetRegistry: FAssetRegistry took 0.0259 seconds to start up
[2021.06.16-07.16.13:477][  0]LogInit: Selected Device Profile: [Windows]
[2021.06.16-07.16.13:594][  0]LogContentStreaming: Texture pool size is 0.00 MB
[2021.06.16-07.16.13:959][  0]LogSimplygon: Simplygon DLL not present - disabling.
[2021.06.16-07.16.14:017][  0]LogMeshReduction: Using SimplygonSwarm for distributed automatic mesh merging
[2021.06.16-07.16.14:017][  0]LogMeshReduction: Using QuadricMeshReduction for automatic static mesh reduction
[2021.06.16-07.16.14:017][  0]LogMeshReduction: No automatic skeletal mesh reduction module available
[2021.06.16-07.16.14:017][  0]LogMeshReduction: No automatic mesh merging module available
[2021.06.16-07.16.14:017][  0]LogMeshMerging: No automatic mesh merging module available
[2021.06.16-07.16.14:315][  0]LogNetVersion: A4 , NetCL: 3573198, EngineNetVer: 2, GameNetVer: 0 (Checksum: 1575826742)
[2021.06.16-07.16.14:526][  0]LogPackageLocalizationCache: Processed 5 localized package path(s) for 2 prioritized culture(s) in 0.039089 seconds
[2021.06.16-07.16.14:531][  0]LogUObjectArray: 35825 objects as part of root set at end of initial load.
[2021.06.16-07.16.14:531][  0]LogUObjectAllocator: 7529112 out of 0 bytes used by permanent object pool.
[2021.06.16-07.16.14:531][  0]LogUObjectArray: CloseDisregardForGC: 0/0 objects in disregard for GC pool
[2021.06.16-07.16.14:634][  0]LogInit: WinSock: version 1.1 (2.2), MaxSocks=32767, MaxUdp=65467
[2021.06.16-07.16.17:423][  0]LogTcpMessaging: Initializing TcpMessaging bridge
[2021.06.16-07.16.17:476][  0]LogUdpMessaging: Initializing bridge on interface 0.0.0.0:0 to multicast group 230.0.0.1:6666.
[2021.06.16-07.16.18:241][  0]LogMaterial: Uniform references updated for custom material expression Custom.
[2021.06.16-07.16.18:705][  0]SourceControl: Source control is disabled
[2021.06.16-07.16.18:705][  0]SourceControl: Source control is disabled
[2021.06.16-07.16.18:767][  0]SourceControl: Source control is disabled
[2021.06.16-07.16.18:829][  0]SourceControl: Source control is disabled
[2021.06.16-07.16.19:587][  0]LogAndroidPermission: UAndroidPermissionCallbackProxy::GetInstance
[2021.06.16-07.16.19:902][  0]LogOcInput: OculusInput pre-init called
[2021.06.16-07.16.20:216][  0]LogEngine: Initializing Engine...
[2021.06.16-07.16.20:218][  0]LogHMD: Failed to initialize OpenVR with code 110
[2021.06.16-07.16.20:365][  0]LogStats: UGameplayTagsManager::ConstructGameplayTagTree: Construct from data asset -  0.000 s
[2021.06.16-07.16.20:366][  0]LogStats: UGameplayTagsManager::ConstructGameplayTagTree: GameplayTagTreeChangedEvent.Broadcast -  0.000 s
[2021.06.16-07.16.20:533][  0]LogAIModule: Creating AISystem for world Untitled
[2021.06.16-07.16.20:547][  0]LogInit: XAudio2 using 'Speakers (Yeti Nano)' : 2 channels at 48 kHz using 24 bits per sample (channel mask 0x3)
[2021.06.16-07.16.20:560][  0]LogInit: FAudioDevice initialized.
[2021.06.16-07.16.20:645][  0]LogDerivedDataCache: Saved boot cache 0.08s 93MB C:/Users/noman/AppData/Local/UnrealEngine/4.17/DerivedDataCache/Boot.ddc.
[2021.06.16-07.16.20:653][  0]LogInit: Texture streaming: Enabled
[2021.06.16-07.16.20:827][  0]LogEngineSessionManager: EngineSessionManager initialized
[2021.06.16-07.16.21:114][  0]LogInit: Transaction tracking system initialized
[2021.06.16-07.16.21:525][  0]BlueprintLog: New page: Editor Load
[2021.06.16-07.16.22:719][  0]LocalizationService: Localization service is disabled
[2021.06.16-07.16.23:619][  0]LogConsoleResponse: Display: 
[2021.06.16-07.16.23:754][  0]LogCook: Display: Max memory allowance for cook 16384mb min free memory 0mb
[2021.06.16-07.16.23:754][  0]LogCook: Display: Mobile HDR setting 1
[2021.06.16-07.16.23:754][  0]LogGameplayTags: Display: UGameplayTagsManager::DoneAddingNativeTags. DelegateIsBound: 0
[2021.06.16-07.16.24:487][  0]LogFileCache: Scanning file cache for directory 'C:/Users/noman/Desktop/A4/Content/' took 0.01s
[2021.06.16-07.16.25:102][  0]SourceControl: Source control is disabled
[2021.06.16-07.16.25:102][  0]Cmd: MAP LOAD FILE="../../../../Users/noman/Desktop/A4/Content/Levels/MainMenu.umap" TEMPLATE=0 SHOWPROGRESS=1 FEATURELEVEL=3
[2021.06.16-07.16.25:103][  0]LightingResults: New page: Lighting Build
[2021.06.16-07.16.25:159][  0]MapCheck: New page: Map Check
[2021.06.16-07.16.25:159][  0]LightingResults: New page: Lighting Build
[2021.06.16-07.16.25:191][  0]LogAIModule: Creating AISystem for world MainMenu
[2021.06.16-07.16.25:192][  0]LogEditorServer: Finished looking for orphan Actors (0.000 secs)
[2021.06.16-07.16.25:200][  0]Cmd: MAP CHECKDEP NOCLEARLOG
[2021.06.16-07.16.25:243][  0]MapCheck: Map check complete: 0 Error(s), 0 Warning(s), took 43.094ms to complete.
[2021.06.16-07.16.25:244][  0]LogFileHelpers: Loading map 'MainMenu' took 0.141
[2021.06.16-07.16.25:414][  0]LogCollectionManager: Loaded 0 collections in 0.001139 seconds
[2021.06.16-07.16.25:508][  0]LogFileCache: Scanning file cache for directory 'C:/Users/noman/Desktop/A4/Saved/Collections/' took 0.01s
[2021.06.16-07.16.25:508][  0]LogFileCache: Scanning file cache for directory 'C:/Users/noman/Desktop/A4/Content/Developers/noman/Collections/' took 0.01s
[2021.06.16-07.16.25:508][  0]LogFileCache: Scanning file cache for directory 'C:/Users/noman/Desktop/A4/Content/Collections/' took 0.01s
[2021.06.16-07.16.25:508][  0]LogCollectionManager: Rebuilt the GUID cache for 0 collections in 0.000000 seconds
[2021.06.16-07.16.25:516][  0]LogContentBrowser: Native class hierarchy populated in 0.0078 seconds. Added 2386 classes and 500 folders.
[2021.06.16-07.16.25:602][  0]LogContentBrowser: Native class hierarchy updated for 'WidgetCarousel' in 0.0006 seconds. Added 0 classes and 0 folders.
[2021.06.16-07.16.25:638][  0]LogContentBrowser: Native class hierarchy updated for 'AddContentDialog' in 0.0006 seconds. Added 0 classes and 0 folders.
[2021.06.16-07.16.25:694][  0]LogContentBrowser: Native class hierarchy updated for 'SceneOutliner' in 0.0006 seconds. Added 1 classes and 2 folders.
[2021.06.16-07.16.25:743][  0]LogSlate: Took 0.000182 seconds to synchronously load lazily loaded font '../../../Engine/Content/Slate/Fonts/Roboto-Regular.ttf' (155K)
[2021.06.16-07.16.25:744][  0]LogSlate: Took 0.000178 seconds to synchronously load lazily loaded font '../../../Engine/Content/Slate/Fonts/Roboto-Bold.ttf' (160K)
[2021.06.16-07.16.25:748][  0]LogSlate: Took 0.000215 seconds to synchronously load lazily loaded font '../../../Engine/Content/Editor/Slate/Fonts/FontAwesome.ttf' (139K)
[2021.06.16-07.16.25:808][  0]LogRenderer: Reallocating scene render targets to support 1168x600 Format 10 NumSamples 1 (Frame:1).
[2021.06.16-07.16.25:952][  0]LogContentBrowser: Native class hierarchy updated for 'HierarchicalLODOutliner' in 0.0006 seconds. Added 1 classes and 2 folders.
[2021.06.16-07.16.25:953][  0]LogLoad: (Engine Initialization) Total time: 19.07 seconds
[2021.06.16-07.16.25:953][  0]LogLoad: (Engine Initialization) Total Blueprint compile time: 0.00 seconds
[2021.06.16-07.16.25:953][  0]LogExternalProfiler: No external profilers were discovered.  External profiling features will not be available.
[2021.06.16-07.16.25:990][  0]LogAssetRegistry: Asset discovery search completed in 12.6585 seconds
[2021.06.16-07.16.25:991][  0]LogCollectionManager: Rebuilt the object cache for 0 collections in 0.000001 seconds (found 0 objects)
[2021.06.16-07.16.25:991][  0]LogCollectionManager: Fixed up redirectors for 0 collections in 0.000033 seconds (updated 0 objects)
[2021.06.16-07.16.25:992][  0]LogContentStreaming: Texture pool size now 1000 MB
[2021.06.16-07.16.26:021][  0]LogSlate: Took 0.000224 seconds to synchronously load lazily loaded font '../../../Engine/Content/Slate/Fonts/Roboto-Light.ttf' (159K)
[2021.06.16-07.16.37:478][369]LogSlate: Took 0.000122 seconds to synchronously load lazily loaded font '../../../Engine/Content/Slate/Fonts/Roboto-Light.ttf' (159K)
[2021.06.16-07.16.37:494][369]Cmd: MAP LOAD FILE="../../../../Users/noman/Desktop/A4/Content/Levels/MainMenu.umap" TEMPLATE=0 SHOWPROGRESS=1 FEATURELEVEL=3
[2021.06.16-07.16.37:494][369]LightingResults: New page: Lighting Build
[2021.06.16-07.16.37:495][369]LoadErrors: New page: Loading map: MainMenu.umap
[2021.06.16-07.16.37:495][369]MapCheck: New page: Map Check
[2021.06.16-07.16.37:495][369]LightingResults: New page: Lighting Build
[2021.06.16-07.16.37:512][369]LogAIModule: Creating AISystem for world MainMenu
[2021.06.16-07.16.37:547][369]LogEditorServer: Finished looking for orphan Actors (0.000 secs)
[2021.06.16-07.16.37:568][369]Cmd: MAP CHECKDEP NOCLEARLOG
[2021.06.16-07.16.37:613][369]MapCheck: Map check complete: 0 Error(s), 0 Warning(s), took 44.318ms to complete.
[2021.06.16-07.16.37:614][369]LogFileHelpers: Loading map 'MainMenu' took 0.121
[2021.06.16-07.16.41:350][815]LogTemp: Repeating last play command: New Editor Window (PIE)
[2021.06.16-07.16.41:365][815]LogBlueprintUserMessages: Early PlayInEditor Detection: Level '/Game/Levels/MainMenu.MainMenu:PersistentLevel' has LevelScriptBlueprint '/Game/Levels/MainMenu.MainMenu:PersistentLevel.MainMenu' with GeneratedClass '/Game/Levels/MainMenu.MainMenu_C' with ClassGeneratedBy '/Game/Levels/MainMenu.MainMenu:PersistentLevel.MainMenu'
[2021.06.16-07.16.41:365][815]LogPlayLevel: PlayLevel: No blueprints needed recompiling
[2021.06.16-07.16.41:365][815]PIE: New page: PIE session: MainMenu (Jun 15, 2021, 9:16:41 PM)
[2021.06.16-07.16.41:365][815]LogPlayLevel: Creating play world package: /Game/Levels/UEDPIE_0_MainMenu
[2021.06.16-07.16.41:366][815]LogPlayLevel: PIE: StaticDuplicateObject took: (0.000729s)
[2021.06.16-07.16.41:367][815]LogAIModule: Creating AISystem for world MainMenu
[2021.06.16-07.16.41:367][815]LogPlayLevel: PIE: World Init took: (0.000590s)
[2021.06.16-07.16.41:367][815]LogPlayLevel: PIE: Created PIE world by copying editor world from /Game/Levels/MainMenu.MainMenu to /Game/Levels/UEDPIE_0_MainMenu.MainMenu (0.001483s)
[2021.06.16-07.16.41:382][815]LogInit: XAudio2 using 'Speakers (Yeti Nano)' : 2 channels at 48 kHz using 24 bits per sample (channel mask 0x3)
[2021.06.16-07.16.41:389][815]LogInit: FAudioDevice initialized.
[2021.06.16-07.16.41:574][815]LogLoad: Game class is 'OurGameMode_C'
[2021.06.16-07.16.41:575][815]LogWorld: Bringing World /Game/Levels/UEDPIE_0_MainMenu.MainMenu up for play (max tick rate 0) at 2021.06.16-02.16.41
[2021.06.16-07.16.41:575][815]LogWorld: Bringing up level for play took: 0.000474
[2021.06.16-07.16.41:632][815]LogContentBrowser: Native class hierarchy updated for 'MovieSceneCapture' in 0.0006 seconds. Added 11 classes and 0 folders.
[2021.06.16-07.16.41:636][815]PIE: Play in editor start time for /Game/Levels/UEDPIE_0_MainMenu 0.927
[2021.06.16-07.16.41:637][815]LogBlueprintUserMessages: Late PlayInEditor Detection: Level '/Game/Levels/MainMenu.MainMenu:PersistentLevel' has LevelScriptBlueprint '/Game/Levels/MainMenu.MainMenu:PersistentLevel.MainMenu' with GeneratedClass '/Game/Levels/MainMenu.MainMenu_C' with ClassGeneratedBy '/Game/Levels/MainMenu.MainMenu:PersistentLevel.MainMenu'
[2021.06.16-07.16.41:656][815]LogRenderer: Reallocating scene render targets to support 1292x756 Format 10 NumSamples 1 (Frame:1).
[2021.06.16-07.16.43:018][975]LogNet: Browse: /Game/Maps/LevelOne
[2021.06.16-07.16.43:019][975]LogLoad: LoadMap: /Game/Maps/LevelOne
[2021.06.16-07.16.43:029][975]Cmd: MEM
[2021.06.16-07.16.43:038][975]LogMemory: Platform Memory Stats for Windows
[2021.06.16-07.16.43:038][975]LogMemory: Process Physical Memory: 1009.60 MB used, 1203.70 MB peak
[2021.06.16-07.16.43:038][975]LogMemory: Process Virtual Memory: 1554.92 MB used, 1585.33 MB peak
[2021.06.16-07.16.43:038][975]LogMemory: Physical Memory: 9036.07 MB used,  7253.74 MB free, 16289.81 MB total
[2021.06.16-07.16.43:038][975]LogMemory: Virtual Memory: 6583.17 MB used,  7253.74 MB free, 134217728.00 MB total
[2021.06.16-07.16.43:038][975]LogMemory: 
[2021.06.16-07.16.43:038][975]Allocator Stats for TBB: (not implemented)
[2021.06.16-07.16.43:092][975]LogLinker: Warning: Can't find file '/Game/LevelOne/LevelOne_TileMap'
[2021.06.16-07.16.43:092][975]LogLinker: Warning: Can't find file for asset '/Game/LevelOne/LevelOne_TileMap' while loading ../../../../Users/noman/Desktop/A4/Content/Maps/LevelOne.umap.
[2021.06.16-07.16.43:092][975]LoadErrors: Error: /Game/Maps/LevelOne : Can't find file for asset. /Game/LevelOne/LevelOne_TileMap
[2021.06.16-07.16.43:093][975]LogLinker: Warning: Can't find file '/Game/LevelOne/LevelOne_TileMap'
[2021.06.16-07.16.43:093][975]LogLinker: Warning: Can't find file for asset '/Game/LevelOne/LevelOne_TileMap' while loading ../../../../Users/noman/Desktop/A4/Content/Maps/LevelOne.umap.
[2021.06.16-07.16.43:095][975]LogLinker: Warning: Can't find file '/Game/LevelOne/LevelOne_TileMap'
[2021.06.16-07.16.43:095][975]LoadErrors: Failed to load /Game/LevelOne/LevelOne_TileMap.LevelOne_TileMap Referenced by LevelOne_TileMap_6
[2021.06.16-07.16.43:095][975]LogLinker: Warning: Can't find file for asset '/Game/LevelOne/LevelOne_TileMap' while loading NULL.
[2021.06.16-07.16.43:351][975]LogAIModule: Creating AISystem for world LevelOne
[2021.06.16-07.16.43:351][975]LogLoad: Game class is 'OurGameMode_C'
[2021.06.16-07.16.43:353][975]LogWorld: Bringing World /Game/Maps/UEDPIE_0_LevelOne.LevelOne up for play (max tick rate 0) at 2021.06.16-02.16.43
[2021.06.16-07.16.43:353][975]LogWorld: Bringing up level for play took: 0.001317
[2021.06.16-07.16.43:354][975]LogLoad: Took 0.335811 seconds to LoadMap(/Game/Maps/LevelOne)
[2021.06.16-07.16.50:735][859]LogBlueprintUserMessages: Early EndPlayMap Detection: Level '/Game/Levels/MainMenu.MainMenu:PersistentLevel' has LevelScriptBlueprint '/Game/Levels/MainMenu.MainMenu:PersistentLevel.MainMenu' with GeneratedClass '/Game/Levels/MainMenu.MainMenu_C' with ClassGeneratedBy '/Game/Levels/MainMenu.MainMenu:PersistentLevel.MainMenu'
[2021.06.16-07.16.50:763][859]LogBlueprintUserMessages: Late EndPlayMap Detection: Level '/Game/Levels/MainMenu.MainMenu:PersistentLevel' has LevelScriptBlueprint '/Game/Levels/MainMenu.MainMenu:PersistentLevel.MainMenu' with GeneratedClass '/Game/Levels/MainMenu.MainMenu_C' with ClassGeneratedBy '/Game/Levels/MainMenu.MainMenu:PersistentLevel.MainMenu'
[2021.06.16-07.17.21:464][941]LogTemp: Repeating last play command: New Editor Window (PIE)
[2021.06.16-07.17.21:472][941]LogBlueprintUserMessages: Early PlayInEditor Detection: Level '/Game/Levels/MainMenu.MainMenu:PersistentLevel' has LevelScriptBlueprint '/Game/Levels/MainMenu.MainMenu:PersistentLevel.MainMenu' with GeneratedClass '/Game/Levels/MainMenu.MainMenu_C' with ClassGeneratedBy '/Game/Levels/MainMenu.MainMenu:PersistentLevel.MainMenu'
[2021.06.16-07.17.21:473][941]LogPlayLevel: PlayLevel: No blueprints needed recompiling
[2021.06.16-07.17.21:473][941]PIE: New page: PIE session: MainMenu (Jun 15, 2021, 9:17:21 PM)
[2021.06.16-07.17.21:473][941]LogPlayLevel: Creating play world package: /Game/Levels/UEDPIE_0_MainMenu
[2021.06.16-07.17.21:473][941]LogPlayLevel: PIE: StaticDuplicateObject took: (0.000718s)
[2021.06.16-07.17.21:474][941]LogAIModule: Creating AISystem for world MainMenu
[2021.06.16-07.17.21:474][941]LogPlayLevel: PIE: World Init took: (0.000581s)
[2021.06.16-07.17.21:474][941]LogPlayLevel: PIE: Created PIE world by copying editor world from /Game/Levels/MainMenu.MainMenu to /Game/Levels/UEDPIE_0_MainMenu.MainMenu (0.001457s)
[2021.06.16-07.17.21:490][941]LogInit: XAudio2 using 'Speakers (Yeti Nano)' : 2 channels at 48 kHz using 24 bits per sample (channel mask 0x3)
[2021.06.16-07.17.21:498][941]LogInit: FAudioDevice initialized.
[2021.06.16-07.17.21:559][941]LogLoad: Game class is 'OurGameMode_C'
[2021.06.16-07.17.21:560][941]LogWorld: Bringing World /Game/Levels/UEDPIE_0_MainMenu.MainMenu up for play (max tick rate 0) at 2021.06.16-02.17.21
[2021.06.16-07.17.21:560][941]LogWorld: Bringing up level for play took: 0.000570
[2021.06.16-07.17.21:564][941]PIE: Play in editor start time for /Game/Levels/UEDPIE_0_MainMenu 0.854
[2021.06.16-07.17.21:565][941]LogBlueprintUserMessages: Late PlayInEditor Detection: Level '/Game/Levels/MainMenu.MainMenu:PersistentLevel' has LevelScriptBlueprint '/Game/Levels/MainMenu.MainMenu:PersistentLevel.MainMenu' with GeneratedClass '/Game/Levels/MainMenu.MainMenu_C' with ClassGeneratedBy '/Game/Levels/MainMenu.MainMenu:PersistentLevel.MainMenu'
[2021.06.16-07.17.25:114][361]LogBlueprintUserMessages: Early EndPlayMap Detection: Level '/Game/Levels/MainMenu.MainMenu:PersistentLevel' has LevelScriptBlueprint '/Game/Levels/MainMenu.MainMenu:PersistentLevel.MainMenu' with GeneratedClass '/Game/Levels/MainMenu.MainMenu_C' with ClassGeneratedBy '/Game/Levels/MainMenu.MainMenu:PersistentLevel.MainMenu'
[2021.06.16-07.17.25:143][361]LogBlueprintUserMessages: Late EndPlayMap Detection: Level '/Game/Levels/MainMenu.MainMenu:PersistentLevel' has LevelScriptBlueprint '/Game/Levels/MainMenu.MainMenu:PersistentLevel.MainMenu' with GeneratedClass '/Game/Levels/MainMenu.MainMenu_C' with ClassGeneratedBy '/Game/Levels/MainMenu.MainMenu:PersistentLevel.MainMenu'
[2021.06.16-07.17.29:099][831]Cmd: MAP LOAD FILE="../../../../Users/noman/Desktop/A4/Content/Levels/MainMenu.umap" TEMPLATE=0 SHOWPROGRESS=1 FEATURELEVEL=3
[2021.06.16-07.17.29:100][831]LightingResults: New page: Lighting Build
[2021.06.16-07.17.29:100][831]LoadErrors: New page: Loading map: MainMenu.umap
[2021.06.16-07.17.29:100][831]MapCheck: New page: Map Check
[2021.06.16-07.17.29:100][831]LightingResults: New page: Lighting Build
[2021.06.16-07.17.29:120][831]LogAIModule: Creating AISystem for world MainMenu
[2021.06.16-07.17.29:162][831]LogEditorServer: Finished looking for orphan Actors (0.000 secs)
[2021.06.16-07.17.29:185][831]Cmd: MAP CHECKDEP NOCLEARLOG
[2021.06.16-07.17.29:237][831]MapCheck: Map check complete: 0 Error(s), 0 Warning(s), took 51.911ms to complete.
[2021.06.16-07.17.29:238][831]LogFileHelpers: Loading map 'MainMenu' took 0.139
[2021.06.16-07.17.33:692][323]LogContentBrowser: Native class hierarchy updated for 'BlueprintGraph' in 0.0009 seconds. Added 113 classes and 0 folders.
[2021.06.16-07.17.34:234][323]LogSlate: Took 0.000139 seconds to synchronously load lazily loaded font '../../../Engine/Content/Slate/Fonts/Roboto-Light.ttf' (159K)
[2021.06.16-07.17.34:235][323]LogSlate: Took 0.000148 seconds to synchronously load lazily loaded font '../../../Engine/Content/Editor/Slate/Fonts/Roboto-BoldCondensed.ttf' (158K)
[2021.06.16-07.17.40:200][830]LogSlate: Took 0.000177 seconds to synchronously load lazily loaded font '../../../Engine/Content/Editor/Slate/Fonts/Roboto-Italic.ttf' (157K)
[2021.06.16-07.18.09:868][ 35]Cmd: OBJ SAVEPACKAGE PACKAGE="/Game/Blueprints/MainMenuScreen" FILE="../../../../Users/noman/Desktop/A4/Content/Blueprints/MainMenuScreen.uasset" SILENT=true
[2021.06.16-07.18.09:913][ 35]LogSavePackage: Save=38.62ms
[2021.06.16-07.18.09:913][ 35]LogSavePackage: Moving '../../../../Users/noman/Desktop/A4/Saved/MainMenuScreen572B5B4B43B4AC0B5F45938D08572508.tmp' to '../../../../Users/noman/Desktop/A4/Content/Blueprints/MainMenuScreen.uasset'
[2021.06.16-07.18.09:915][ 35]LogSavePackage: Display: Finished SavePackage ../../../../Users/noman/Desktop/A4/Content/Blueprints/MainMenuScreen.uasset
[2021.06.16-07.18.11:049][162]LogTemp: Repeating last play command: New Editor Window (PIE)
[2021.06.16-07.18.11:063][162]LogBlueprintUserMessages: Early PlayInEditor Detection: Level '/Game/Levels/MainMenu.MainMenu:PersistentLevel' has LevelScriptBlueprint '/Game/Levels/MainMenu.MainMenu:PersistentLevel.MainMenu' with GeneratedClass '/Game/Levels/MainMenu.MainMenu_C' with ClassGeneratedBy '/Game/Levels/MainMenu.MainMenu:PersistentLevel.MainMenu'
[2021.06.16-07.18.11:063][162]LogPlayLevel: PlayLevel: No blueprints needed recompiling
[2021.06.16-07.18.11:063][162]PIE: New page: PIE session: MainMenu (Jun 15, 2021, 9:18:11 PM)
[2021.06.16-07.18.11:063][162]LogPlayLevel: Creating play world package: /Game/Levels/UEDPIE_0_MainMenu
[2021.06.16-07.18.11:064][162]LogPlayLevel: PIE: StaticDuplicateObject took: (0.000871s)
[2021.06.16-07.18.11:064][162]LogAIModule: Creating AISystem for world MainMenu
[2021.06.16-07.18.11:065][162]LogPlayLevel: PIE: World Init took: (0.000700s)
[2021.06.16-07.18.11:065][162]LogPlayLevel: PIE: Created PIE world by copying editor world from /Game/Levels/MainMenu.MainMenu to /Game/Levels/UEDPIE_0_MainMenu.MainMenu (0.001766s)
[2021.06.16-07.18.11:090][162]LogInit: XAudio2 using 'Speakers (Yeti Nano)' : 2 channels at 48 kHz using 24 bits per sample (channel mask 0x3)
[2021.06.16-07.18.11:098][162]LogInit: FAudioDevice initialized.
[2021.06.16-07.18.11:165][162]LogLoad: Game class is 'OurGameMode_C'
[2021.06.16-07.18.11:166][162]LogWorld: Bringing World /Game/Levels/UEDPIE_0_MainMenu.MainMenu up for play (max tick rate 0) at 2021.06.16-02.18.11
[2021.06.16-07.18.11:166][162]LogWorld: Bringing up level for play took: 0.000700
[2021.06.16-07.18.11:173][162]PIE: Play in editor start time for /Game/Levels/UEDPIE_0_MainMenu 0.463
[2021.06.16-07.18.11:173][162]LogBlueprintUserMessages: Late PlayInEditor Detection: Level '/Game/Levels/MainMenu.MainMenu:PersistentLevel' has LevelScriptBlueprint '/Game/Levels/MainMenu.MainMenu:PersistentLevel.MainMenu' with GeneratedClass '/Game/Levels/MainMenu.MainMenu_C' with ClassGeneratedBy '/Game/Levels/MainMenu.MainMenu:PersistentLevel.MainMenu'
[2021.06.16-07.18.12:491][289]LogNet: Browse: /Game/Maps/LevelOne
[2021.06.16-07.18.12:491][289]LogLoad: LoadMap: /Game/Maps/LevelOne
[2021.06.16-07.18.12:510][289]Cmd: MEM
[2021.06.16-07.18.12:527][289]LogMemory: Platform Memory Stats for Windows
[2021.06.16-07.18.12:527][289]LogMemory: Process Physical Memory: 1239.96 MB used, 1242.87 MB peak
[2021.06.16-07.18.12:527][289]LogMemory: Process Virtual Memory: 1796.58 MB used, 1796.58 MB peak
[2021.06.16-07.18.12:527][289]LogMemory: Physical Memory: 9253.39 MB used,  7036.42 MB free, 16289.81 MB total
[2021.06.16-07.18.12:527][289]LogMemory: Virtual Memory: 6831.07 MB used,  7036.42 MB free, 134217728.00 MB total
[2021.06.16-07.18.12:527][289]LogMemory: 
[2021.06.16-07.18.12:527][289]Allocator Stats for TBB: (not implemented)
[2021.06.16-07.18.12:568][289]LogLinker: Warning: Can't find file '/Game/LevelOne/LevelOne_TileMap'
[2021.06.16-07.18.12:568][289]LogLinker: Warning: Can't find file for asset '/Game/LevelOne/LevelOne_TileMap' while loading ../../../../Users/noman/Desktop/A4/Content/Maps/LevelOne.umap.
[2021.06.16-07.18.12:568][289]LoadErrors: Error: /Game/Maps/LevelOne : Can't find file for asset. /Game/LevelOne/LevelOne_TileMap
[2021.06.16-07.18.12:569][289]LogLinker: Warning: Can't find file '/Game/LevelOne/LevelOne_TileMap'
[2021.06.16-07.18.12:569][289]LogLinker: Warning: Can't find file for asset '/Game/LevelOne/LevelOne_TileMap' while loading ../../../../Users/noman/Desktop/A4/Content/Maps/LevelOne.umap.
[2021.06.16-07.18.12:570][289]LogLinker: Warning: Can't find file '/Game/LevelOne/LevelOne_TileMap'
[2021.06.16-07.18.12:570][289]LoadErrors: Failed to load /Game/LevelOne/LevelOne_TileMap.LevelOne_TileMap Referenced by LevelOne_TileMap_6
[2021.06.16-07.18.12:570][289]LogLinker: Warning: Can't find file for asset '/Game/LevelOne/LevelOne_TileMap' while loading NULL.
[2021.06.16-07.18.12:575][289]LogAIModule: Creating AISystem for world LevelOne
[2021.06.16-07.18.12:575][289]LogLoad: Game class is 'OurGameMode_C'
[2021.06.16-07.18.12:577][289]LogWorld: Bringing World /Game/Maps/UEDPIE_0_LevelOne.LevelOne up for play (max tick rate 0) at 2021.06.16-02.18.12
[2021.06.16-07.18.12:577][289]LogWorld: Bringing up level for play took: 0.001107
[2021.06.16-07.18.12:578][289]LogLoad: Took 0.086875 seconds to LoadMap(/Game/Maps/LevelOne)
[2021.06.16-07.18.20:486][ 68]LogBlueprintUserMessages: Early EndPlayMap Detection: Level '/Game/Levels/MainMenu.MainMenu:PersistentLevel' has LevelScriptBlueprint '/Game/Levels/MainMenu.MainMenu:PersistentLevel.MainMenu' with GeneratedClass '/Game/Levels/MainMenu.MainMenu_C' with ClassGeneratedBy '/Game/Levels/MainMenu.MainMenu:PersistentLevel.MainMenu'
[2021.06.16-07.18.20:526][ 68]LogBlueprintUserMessages: Late EndPlayMap Detection: Level '/Game/Levels/MainMenu.MainMenu:PersistentLevel' has LevelScriptBlueprint '/Game/Levels/MainMenu.MainMenu:PersistentLevel.MainMenu' with GeneratedClass '/Game/Levels/MainMenu.MainMenu_C' with ClassGeneratedBy '/Game/Levels/MainMenu.MainMenu:PersistentLevel.MainMenu'
[2021.06.16-07.18.32:531][297]LogAIModule: Creating AISystem for world LevelOne
[2021.06.16-07.18.32:560][297]Cmd: MAP LOAD FILE="../../../../Users/noman/Desktop/A4/Content/Levels/LevelOne.umap" TEMPLATE=0 SHOWPROGRESS=1 FEATURELEVEL=3
[2021.06.16-07.18.32:560][297]LightingResults: New page: Lighting Build
[2021.06.16-07.18.32:561][297]LoadErrors: New page: Loading map: LevelOne.umap
[2021.06.16-07.18.32:561][297]MapCheck: New page: Map Check
[2021.06.16-07.18.32:561][297]LightingResults: New page: Lighting Build
[2021.06.16-07.18.32:658][297]LogEditorServer: Finished looking for orphan Actors (0.000 secs)
[2021.06.16-07.18.32:690][297]Cmd: MAP CHECKDEP NOCLEARLOG
[2021.06.16-07.18.32:744][297]MapCheck: Map check complete: 0 Error(s), 0 Warning(s), took 54.59ms to complete.
[2021.06.16-07.18.32:745][297]LogFileHelpers: Loading map 'LevelOne' took 0.186
[2021.06.16-07.18.36:426][732]LogAIModule: Creating AISystem for world MainMenu
[2021.06.16-07.18.36:445][732]Cmd: MAP LOAD FILE="../../../../Users/noman/Desktop/A4/Content/Levels/MainMenu.umap" TEMPLATE=0 SHOWPROGRESS=1 FEATURELEVEL=3
[2021.06.16-07.18.36:445][732]LightingResults: New page: Lighting Build
[2021.06.16-07.18.36:446][732]LoadErrors: New page: Loading map: MainMenu.umap
[2021.06.16-07.18.36:446][732]MapCheck: New page: Map Check
[2021.06.16-07.18.36:446][732]LightingResults: New page: Lighting Build
[2021.06.16-07.18.36:535][732]LogEditorServer: Finished looking for orphan Actors (0.000 secs)
[2021.06.16-07.18.36:564][732]Cmd: MAP CHECKDEP NOCLEARLOG
[2021.06.16-07.18.36:619][732]MapCheck: Map check complete: 0 Error(s), 0 Warning(s), took 54.993ms to complete.
[2021.06.16-07.18.36:619][732]LogFileHelpers: Loading map 'MainMenu' took 0.175
[2021.06.16-07.19.18:468][734]Cmd: TRANSACTION UNDO
[2021.06.16-07.19.18:468][734]LogEditorTransaction: Undo Create Actors
[2021.06.16-07.19.30:851][862]Cmd: OBJ SAVEPACKAGE PACKAGE="/Game/Levels/MainMenu" FILE="../../../../Users/noman/Desktop/A4/Content/Levels/MainMenu.umap" SILENT=true AUTOSAVING=false KEEPDIRTY=false
[2021.06.16-07.19.30:893][862]LogSavePackage: Save=19.64ms
[2021.06.16-07.19.30:893][862]LogSavePackage: Moving '../../../../Users/noman/Desktop/A4/Saved/MainMenu5F36C7E849C24485CC8DFEA4C256C6D7.tmp' to '../../../../Users/noman/Desktop/A4/Content/Levels/MainMenu.umap'
[2021.06.16-07.19.30:895][862]LogSavePackage: Display: Finished SavePackage ../../../../Users/noman/Desktop/A4/Content/Levels/MainMenu.umap
[2021.06.16-07.19.30:907][862]LogFileHelpers: Saving map 'MainMenu' took 0.110
[2021.06.16-07.19.30:909][862]Cmd: MAP LOAD FILE="../../../../Users/noman/Desktop/A4/Content/Levels/MainMenu.umap" TEMPLATE=0 SHOWPROGRESS=1 FEATURELEVEL=3
[2021.06.16-07.19.30:909][862]LightingResults: New page: Lighting Build
[2021.06.16-07.19.30:909][862]LoadErrors: New page: Loading map: MainMenu.umap
[2021.06.16-07.19.30:910][862]MapCheck: New page: Map Check
[2021.06.16-07.19.30:910][862]LightingResults: New page: Lighting Build
[2021.06.16-07.19.30:935][862]LogAIModule: Creating AISystem for world MainMenu
[2021.06.16-07.19.31:022][862]LogEditorServer: Finished looking for orphan Actors (0.000 secs)
[2021.06.16-07.19.31:041][862]LogSlate: Took 0.000155 seconds to synchronously load lazily loaded font '../../../Engine/Content/Slate/Fonts/Roboto-Regular.ttf' (155K)
[2021.06.16-07.19.31:057][862]Cmd: MAP CHECKDEP NOCLEARLOG
[2021.06.16-07.19.31:108][862]MapCheck: Map check complete: 0 Error(s), 0 Warning(s), took 51.067ms to complete.
[2021.06.16-07.19.31:109][862]LogFileHelpers: Loading map 'MainMenu' took 0.201
[2021.06.16-07.19.32:912][ 73]Cmd: MAP LOAD FILE="../../../../Users/noman/Desktop/A4/Content/Levels/MainMenu.umap" TEMPLATE=0 SHOWPROGRESS=1 FEATURELEVEL=3
[2021.06.16-07.19.32:913][ 73]LightingResults: New page: Lighting Build
[2021.06.16-07.19.32:913][ 73]LoadErrors: New page: Loading map: MainMenu.umap
[2021.06.16-07.19.32:913][ 73]MapCheck: New page: Map Check
[2021.06.16-07.19.32:913][ 73]LightingResults: New page: Lighting Build
[2021.06.16-07.19.32:939][ 73]LogAIModule: Creating AISystem for world MainMenu
[2021.06.16-07.19.33:037][ 73]LogEditorServer: Finished looking for orphan Actors (0.000 secs)
[2021.06.16-07.19.33:067][ 73]Cmd: MAP CHECKDEP NOCLEARLOG
[2021.06.16-07.19.33:118][ 73]MapCheck: Map check complete: 0 Error(s), 0 Warning(s), took 51.114ms to complete.
[2021.06.16-07.19.33:119][ 73]LogFileHelpers: Loading map 'MainMenu' took 0.207
[2021.06.16-07.19.34:033][181]LogTemp: Repeating last play command: New Editor Window (PIE)
[2021.06.16-07.19.34:044][181]LogBlueprintUserMessages: Early PlayInEditor Detection: Level '/Game/Levels/MainMenu.MainMenu:PersistentLevel' has LevelScriptBlueprint '/Game/Levels/MainMenu.MainMenu:PersistentLevel.MainMenu' with GeneratedClass '/Game/Levels/MainMenu.MainMenu_C' with ClassGeneratedBy '/Game/Levels/MainMenu.MainMenu:PersistentLevel.MainMenu'
[2021.06.16-07.19.34:044][181]LogPlayLevel: PlayLevel: No blueprints needed recompiling
[2021.06.16-07.19.34:044][181]PIE: New page: PIE session: MainMenu (Jun 15, 2021, 9:19:34 PM)
[2021.06.16-07.19.34:044][181]LogPlayLevel: Creating play world package: /Game/Levels/UEDPIE_0_MainMenu
[2021.06.16-07.19.34:045][181]LogPlayLevel: PIE: StaticDuplicateObject took: (0.000759s)
[2021.06.16-07.19.34:045][181]LogAIModule: Creating AISystem for world MainMenu
[2021.06.16-07.19.34:046][181]LogPlayLevel: PIE: World Init took: (0.000589s)
[2021.06.16-07.19.34:046][181]LogPlayLevel: PIE: Created PIE world by copying editor world from /Game/Levels/MainMenu.MainMenu to /Game/Levels/UEDPIE_0_MainMenu.MainMenu (0.001511s)
[2021.06.16-07.19.34:068][181]LogInit: XAudio2 using 'Speakers (Yeti Nano)' : 2 channels at 48 kHz using 24 bits per sample (channel mask 0x3)
[2021.06.16-07.19.34:075][181]LogInit: FAudioDevice initialized.
[2021.06.16-07.19.34:137][181]LogLoad: Game class is 'OurGameMode_C'
[2021.06.16-07.19.34:137][181]LogWorld: Bringing World /Game/Levels/UEDPIE_0_MainMenu.MainMenu up for play (max tick rate 0) at 2021.06.16-02.19.34
[2021.06.16-07.19.34:138][181]LogWorld: Bringing up level for play took: 0.000568
[2021.06.16-07.19.34:142][181]PIE: Play in editor start time for /Game/Levels/UEDPIE_0_MainMenu -0.568
[2021.06.16-07.19.34:142][181]LogBlueprintUserMessages: Late PlayInEditor Detection: Level '/Game/Levels/MainMenu.MainMenu:PersistentLevel' has LevelScriptBlueprint '/Game/Levels/MainMenu.MainMenu:PersistentLevel.MainMenu' with GeneratedClass '/Game/Levels/MainMenu.MainMenu_C' with ClassGeneratedBy '/Game/Levels/MainMenu.MainMenu:PersistentLevel.MainMenu'
[2021.06.16-07.19.35:489][338]LogNet: Browse: /Game/Maps/LevelOne
[2021.06.16-07.19.35:489][338]LogLoad: LoadMap: /Game/Maps/LevelOne
[2021.06.16-07.19.35:507][338]Cmd: MEM
[2021.06.16-07.19.35:522][338]LogMemory: Platform Memory Stats for Windows
[2021.06.16-07.19.35:522][338]LogMemory: Process Physical Memory: 1275.50 MB used, 1283.92 MB peak
[2021.06.16-07.19.35:522][338]LogMemory: Process Virtual Memory: 1863.32 MB used, 1879.56 MB peak
[2021.06.16-07.19.35:522][338]LogMemory: Physical Memory: 9269.63 MB used,  7020.18 MB free, 16289.81 MB total
[2021.06.16-07.19.35:522][338]LogMemory: Virtual Memory: 6889.30 MB used,  7020.18 MB free, 134217728.00 MB total
[2021.06.16-07.19.35:522][338]LogMemory: 
[2021.06.16-07.19.35:522][338]Allocator Stats for TBB: (not implemented)
[2021.06.16-07.19.35:527][338]LogLinker: Warning: Can't find file '/Game/LevelOne/LevelOne_TileMap'
[2021.06.16-07.19.35:527][338]LogLinker: Warning: Can't find file for asset '/Game/LevelOne/LevelOne_TileMap' while loading ../../../../Users/noman/Desktop/A4/Content/Maps/LevelOne.umap.
[2021.06.16-07.19.35:527][338]LoadErrors: Error: /Game/Maps/LevelOne : Can't find file for asset. /Game/LevelOne/LevelOne_TileMap
[2021.06.16-07.19.35:527][338]LogLinker: Warning: Can't find file '/Game/LevelOne/LevelOne_TileMap'
[2021.06.16-07.19.35:527][338]LogLinker: Warning: Can't find file for asset '/Game/LevelOne/LevelOne_TileMap' while loading ../../../../Users/noman/Desktop/A4/Content/Maps/LevelOne.umap.
[2021.06.16-07.19.35:529][338]LogLinker: Warning: Can't find file '/Game/LevelOne/LevelOne_TileMap'
[2021.06.16-07.19.35:529][338]LoadErrors: Failed to load /Game/LevelOne/LevelOne_TileMap.LevelOne_TileMap Referenced by LevelOne_TileMap_6
[2021.06.16-07.19.35:529][338]LogLinker: Warning: Can't find file for asset '/Game/LevelOne/LevelOne_TileMap' while loading NULL.
[2021.06.16-07.19.35:540][338]LogAIModule: Creating AISystem for world LevelOne
[2021.06.16-07.19.35:540][338]LogLoad: Game class is 'OurGameMode_C'
[2021.06.16-07.19.35:542][338]LogWorld: Bringing World /Game/Maps/UEDPIE_0_LevelOne.LevelOne up for play (max tick rate 0) at 2021.06.16-02.19.35
[2021.06.16-07.19.35:542][338]LogWorld: Bringing up level for play took: 0.001019
[2021.06.16-07.19.35:543][338]LogLoad: Took 0.053571 seconds to LoadMap(/Game/Maps/LevelOne)
[2021.06.16-07.19.37:797][608]LogBlueprintUserMessages: Early EndPlayMap Detection: Level '/Game/Levels/MainMenu.MainMenu:PersistentLevel' has LevelScriptBlueprint '/Game/Levels/MainMenu.MainMenu:PersistentLevel.MainMenu' with GeneratedClass '/Game/Levels/MainMenu.MainMenu_C' with ClassGeneratedBy '/Game/Levels/MainMenu.MainMenu:PersistentLevel.MainMenu'
[2021.06.16-07.19.37:840][608]LogBlueprintUserMessages: Late EndPlayMap Detection: Level '/Game/Levels/MainMenu.MainMenu:PersistentLevel' has LevelScriptBlueprint '/Game/Levels/MainMenu.MainMenu:PersistentLevel.MainMenu' with GeneratedClass '/Game/Levels/MainMenu.MainMenu_C' with ClassGeneratedBy '/Game/Levels/MainMenu.MainMenu:PersistentLevel.MainMenu'
[2021.06.16-07.19.39:241][770]Cmd: MAP LOAD FILE="../../../../Users/noman/Desktop/A4/Content/Levels/MainMenu.umap" TEMPLATE=0 SHOWPROGRESS=1 FEATURELEVEL=3
[2021.06.16-07.19.39:241][770]LightingResults: New page: Lighting Build
[2021.06.16-07.19.39:241][770]LoadErrors: New page: Loading map: MainMenu.umap
[2021.06.16-07.19.39:242][770]MapCheck: New page: Map Check
[2021.06.16-07.19.39:242][770]LightingResults: New page: Lighting Build
[2021.06.16-07.19.39:268][770]LogAIModule: Creating AISystem for world MainMenu
[2021.06.16-07.19.39:372][770]LogEditorServer: Finished looking for orphan Actors (0.000 secs)
[2021.06.16-07.19.39:402][770]Cmd: MAP CHECKDEP NOCLEARLOG
[2021.06.16-07.19.39:456][770]MapCheck: Map check complete: 0 Error(s), 0 Warning(s), took 53.849ms to complete.
[2021.06.16-07.19.39:457][770]LogFileHelpers: Loading map 'MainMenu' took 0.216
[2021.06.16-07.19.40:602][900]LogWindowsTextInputMethodSystem: Display: IME system now deactivated.
[2021.06.16-07.19.40:776][901]Cmd: QUIT_EDITOR
[2021.06.16-07.19.40:990][901]LogExit: Preparing to exit.
[2021.06.16-07.19.41:690][901]LogDirectoryWatcher: A directory notification for 'C:/Users/noman/Desktop/A4/Content/' was aborted.
[2021.06.16-07.19.41:710][901]LogExit: Editor shut down
[2021.06.16-07.19.41:712][901]LogExit: Transaction tracking system shut down
[2021.06.16-07.19.41:807][901]LogDirectoryWatcher: A directory notification for '../../../Engine/Content/' was aborted.
[2021.06.16-07.19.41:807][901]LogDirectoryWatcher: A directory notification for '../../../../Users/noman/Desktop/A4/Content/' was aborted.
[2021.06.16-07.19.41:807][901]LogDirectoryWatcher: A directory notification for '../../../Engine/Plugins/2D/Paper2D/Content/' was aborted.
[2021.06.16-07.19.41:807][901]LogDirectoryWatcher: A directory notification for '../../../Engine/Plugins/Runtime/Oculus/OculusVR/Content/' was aborted.
[2021.06.16-07.19.41:807][901]LogDirectoryWatcher: A directory notification for '../../../Engine/Plugins/Runtime/Steam/SteamVR/Content/' was aborted.
[2021.06.16-07.19.41:881][901]LogExit: Object subsystem successfully closed.
[2021.06.16-07.19.41:894][901]LogD3D11RHI: Shutdown
[2021.06.16-07.19.41:894][901]LogD3D11RHI: CleanupD3DDevice
[2021.06.16-07.19.41:958][901]LogD3D11RHI: ~FD3D11DynamicRHI
[2021.06.16-07.19.41:974][901]LogModuleManager: Shutting down and abandoning module SequencerWidgets (538)
[2021.06.16-07.19.41:974][901]LogModuleManager: Shutting down and abandoning module BlueprintGraph (536)
[2021.06.16-07.19.41:974][901]LogModuleManager: Shutting down and abandoning module BlueprintProfiler (534)
[2021.06.16-07.19.41:974][901]LogModuleManager: Shutting down and abandoning module MovieSceneCapture (532)
[2021.06.16-07.19.41:974][901]LogModuleManager: Shutting down and abandoning module HierarchicalLODOutliner (530)
[2021.06.16-07.19.41:974][901]LogModuleManager: Shutting down and abandoning module SceneOutliner (528)
[2021.06.16-07.19.41:974][901]LogModuleManager: Shutting down and abandoning module AddContentDialog (526)
[2021.06.16-07.19.41:974][901]LogDirectoryWatcher: A directory notification for 'C:/UE_4.17/FeaturePacks/' was aborted.
[2021.06.16-07.19.41:979][901]LogModuleManager: Shutting down and abandoning module WidgetCarousel (525)
[2021.06.16-07.19.41:979][901]LogModuleManager: Shutting down and abandoning module EditorWidgets (522)
[2021.06.16-07.19.41:979][901]LogModuleManager: Shutting down and abandoning module CollectionManager (520)
[2021.06.16-07.19.41:979][901]LogDirectoryWatcher: A directory notification for 'C:/Users/noman/Desktop/A4/Content/Collections/' was aborted.
[2021.06.16-07.19.41:979][901]LogDirectoryWatcher: A directory notification for 'C:/Users/noman/Desktop/A4/Content/Developers/noman/Collections/' was aborted.
[2021.06.16-07.19.41:979][901]LogDirectoryWatcher: A directory notification for 'C:/Users/noman/Desktop/A4/Saved/Collections/' was aborted.
[2021.06.16-07.19.41:979][901]LogModuleManager: Shutting down and abandoning module StatsViewer (518)
[2021.06.16-07.19.41:979][901]LogModuleManager: Shutting down and abandoning module FoliageEdit (516)
[2021.06.16-07.19.41:979][901]LogModuleManager: Shutting down and abandoning module LandscapeEditor (514)
[2021.06.16-07.19.41:979][901]LogModuleManager: Shutting down and abandoning module MeshPaintMode (512)
[2021.06.16-07.19.41:979][901]LogModuleManager: Shutting down and abandoning module SceneDepthPickerMode (510)
[2021.06.16-07.19.41:979][901]LogModuleManager: Shutting down and abandoning module ActorPickerMode (508)
[2021.06.16-07.19.41:979][901]LogModuleManager: Shutting down and abandoning module GeometryMode (506)
[2021.06.16-07.19.41:979][901]LogModuleManager: Shutting down and abandoning module TextureAlignMode (504)
[2021.06.16-07.19.41:979][901]LogModuleManager: Shutting down and abandoning module BspMode (502)
[2021.06.16-07.19.41:979][901]LogModuleManager: Shutting down and abandoning module PIEPreviewDeviceProfileSelector (500)
[2021.06.16-07.19.41:979][901]LogModuleManager: Shutting down and abandoning module HardwareSurvey (498)
[2021.06.16-07.19.41:979][901]LogModuleManager: Shutting down and abandoning module SequenceRecorderSections (496)
[2021.06.16-07.19.41:979][901]LogModuleManager: Shutting down and abandoning module AutomationWorker (494)
[2021.06.16-07.19.41:979][901]LogModuleManager: Shutting down and abandoning module MatineeToLevelSequence (492)
[2021.06.16-07.19.41:979][901]LogModuleManager: Shutting down and abandoning module LevelSequenceEditor (490)
[2021.06.16-07.19.41:979][901]LogModuleManager: Shutting down and abandoning module PlacementMode (489)
[2021.06.16-07.19.41:979][901]LogModuleManager: Shutting down and abandoning module WmfMediaFactory (486)
[2021.06.16-07.19.41:979][901]LogModuleManager: Shutting down and abandoning module WmfMediaEditor (484)
[2021.06.16-07.19.41:979][901]LogModuleManager: Shutting down and abandoning module AvfMediaFactory (482)
[2021.06.16-07.19.41:979][901]LogModuleManager: Shutting down and abandoning module AvfMediaEditor (480)
[2021.06.16-07.19.41:979][901]LogModuleManager: Shutting down and abandoning module AndroidMediaFactory (478)
[2021.06.16-07.19.41:979][901]LogModuleManager: Shutting down and abandoning module Media (477)
[2021.06.16-07.19.41:979][901]LogModuleManager: Shutting down and abandoning module AndroidMediaEditor (474)
[2021.06.16-07.19.41:979][901]LogModuleManager: Shutting down and abandoning module CharacterAI (472)
[2021.06.16-07.19.41:979][901]LogModuleManager: Shutting down and abandoning module AudioCapture (470)
[2021.06.16-07.19.41:979][901]LogModuleManager: Shutting down and abandoning module SequenceRecorder (469)
[2021.06.16-07.19.41:979][901]LogModuleManager: Shutting down and abandoning module SmartSnapping (466)
[2021.06.16-07.19.41:979][901]LogModuleManager: Shutting down and abandoning module SessionServices (464)
[2021.06.16-07.19.41:980][901]LogModuleManager: Shutting down and abandoning module ViewportSnapping (462)
[2021.06.16-07.19.41:980][901]LogModuleManager: Shutting down and abandoning module ViewportInteraction (460)
[2021.06.16-07.19.41:980][901]LogModuleManager: Shutting down and abandoning module ClothPainter (458)
[2021.06.16-07.19.41:980][901]LogModuleManager: Shutting down and abandoning module LogVisualizer (456)
[2021.06.16-07.19.41:980][901]LogModuleManager: Shutting down and abandoning module IntroTutorials (454)
[2021.06.16-07.19.41:980][901]LogModuleManager: Shutting down and abandoning module GameProjectGeneration (453)
[2021.06.16-07.19.41:980][901]LogModuleManager: Shutting down and abandoning module IOSPlatformEditor (450)
[2021.06.16-07.19.41:980][901]LogModuleManager: Shutting down and abandoning module HTML5PlatformEditor (448)
[2021.06.16-07.19.41:980][901]LogModuleManager: Shutting down and abandoning module AndroidPlatformEditor (446)
[2021.06.16-07.19.41:980][901]LogModuleManager: Shutting down and abandoning module AndroidDeviceDetection (445)
[2021.06.16-07.19.42:312][901]LogModuleManager: Shutting down and abandoning module WindowsPlatformEditor (442)
[2021.06.16-07.19.42:312][901]LogModuleManager: Shutting down and abandoning module IOSRuntimeSettings (440)
[2021.06.16-07.19.42:312][901]LogModuleManager: Shutting down and abandoning module AndroidRuntimeSettings (438)
[2021.06.16-07.19.42:312][901]LogModuleManager: Shutting down and abandoning module InputBindingEditor (436)
[2021.06.16-07.19.42:312][901]LogModuleManager: Shutting down and abandoning module MergeActors (434)
[2021.06.16-07.19.42:312][901]LogModuleManager: Shutting down and abandoning module SizeMap (432)
[2021.06.16-07.19.42:312][901]LogModuleManager: Shutting down and abandoning module TreeMap (430)
[2021.06.16-07.19.42:312][901]LogModuleManager: Shutting down and abandoning module ReferenceViewer (428)
[2021.06.16-07.19.42:312][901]LogModuleManager: Shutting down and abandoning module LocalizationDashboard (426)
[2021.06.16-07.19.42:312][901]LogModuleManager: Shutting down and abandoning module LocalizationService (425)
[2021.06.16-07.19.42:312][901]LogModuleManager: Shutting down and abandoning module HardwareTargeting (422)
[2021.06.16-07.19.42:312][901]LogModuleManager: Shutting down and abandoning module DeviceProfileEditor (420)
[2021.06.16-07.19.42:313][901]LogModuleManager: Shutting down and abandoning module UndoHistory (418)
[2021.06.16-07.19.42:313][901]LogModuleManager: Shutting down and abandoning module XmlParser (416)
[2021.06.16-07.19.42:313][901]LogModuleManager: Shutting down and abandoning module Blutility (414)
[2021.06.16-07.19.42:313][901]LogModuleManager: Shutting down and abandoning module ProjectSettingsViewer (412)
[2021.06.16-07.19.42:313][901]LogModuleManager: Shutting down and abandoning module ProjectTargetPlatformEditor (411)
[2021.06.16-07.19.42:313][901]LogModuleManager: Shutting down and abandoning module EditorSettingsViewer (408)
[2021.06.16-07.19.42:313][901]LogModuleManager: Shutting down and abandoning module SettingsEditor (406)
[2021.06.16-07.19.42:313][901]LogModuleManager: Shutting down and abandoning module ProjectLauncher (404)
[2021.06.16-07.19.42:313][901]LogModuleManager: Shutting down and abandoning module SessionFrontend (402)
[2021.06.16-07.19.42:313][901]LogModuleManager: Shutting down and abandoning module ProfilerClient (400)
[2021.06.16-07.19.42:313][901]LogModuleManager: Shutting down and abandoning module DeviceManager (398)
[2021.06.16-07.19.42:313][901]LogModuleManager: Shutting down and abandoning module TargetDeviceServices (397)
[2021.06.16-07.19.42:357][901]LogModuleManager: Shutting down and abandoning module AutomationController (394)
[2021.06.16-07.19.42:357][901]LogModuleManager: Shutting down and abandoning module AutomationWindow (392)
[2021.06.16-07.19.42:357][901]LogModuleManager: Shutting down and abandoning module Layers (390)
[2021.06.16-07.19.42:357][901]LogModuleManager: Shutting down and abandoning module ComponentVisualizers (388)
[2021.06.16-07.19.42:357][901]LogModuleManager: Shutting down and abandoning module DetailCustomizations (386)
[2021.06.16-07.19.42:357][901]LogModuleManager: Shutting down and abandoning module PackagesDialog (384)
[2021.06.16-07.19.42:357][901]LogModuleManager: Shutting down and abandoning module Persona (382)
[2021.06.16-07.19.42:357][901]LogModuleManager: Shutting down and abandoning module AdvancedPreviewScene (381)
[2021.06.16-07.19.42:357][901]LogModuleManager: Shutting down and abandoning module AnimGraph (379)
[2021.06.16-07.19.42:357][901]LogModuleManager: Shutting down and abandoning module Kismet (376)
[2021.06.16-07.19.42:362][901]LogModuleManager: Shutting down and abandoning module ClassViewer (374)
[2021.06.16-07.19.42:362][901]LogModuleManager: Shutting down and abandoning module Toolbox (372)
[2021.06.16-07.19.42:362][901]LogModuleManager: Shutting down and abandoning module ModuleUI (370)
[2021.06.16-07.19.42:362][901]LogModuleManager: Shutting down and abandoning module MovieSceneTools (368)
[2021.06.16-07.19.42:362][901]LogModuleManager: Shutting down and abandoning module OutputLog (366)
[2021.06.16-07.19.42:362][901]LogModuleManager: Shutting down and abandoning module GammaUI (364)
[2021.06.16-07.19.42:362][901]LogModuleManager: Shutting down and abandoning module Documentation (362)
[2021.06.16-07.19.42:362][901]LogModuleManager: Shutting down and abandoning module MovieSceneTracks (360)
[2021.06.16-07.19.42:363][901]LogModuleManager: Shutting down and abandoning module MovieScene (358)
[2021.06.16-07.19.42:363][901]LogModuleManager: Shutting down and abandoning module Niagara (356)
[2021.06.16-07.19.42:363][901]LogModuleManager: Shutting down and abandoning module NiagaraEditor (355)
[2021.06.16-07.19.42:363][901]LogModuleManager: Shutting down and abandoning module StreamingPauseRendering (352)
[2021.06.16-07.19.42:363][901]LogModuleManager: Shutting down and abandoning module LauncherPlatform (350)
[2021.06.16-07.19.42:363][901]LogModuleManager: Shutting down and abandoning module AnalyticsET (348)
[2021.06.16-07.19.42:363][901]LogModuleManager: Shutting down and abandoning module PortalServices (346)
[2021.06.16-07.19.42:363][901]LogModuleManager: Shutting down and abandoning module PortalRpc (344)
[2021.06.16-07.19.42:363][901]LogModuleManager: Shutting down and abandoning module MessagingRpc (342)
[2021.06.16-07.19.42:363][901]LogModuleManager: Shutting down and abandoning module AIModule (340)
[2021.06.16-07.19.42:363][901]LogModuleManager: Shutting down and abandoning module GameplayDebugger (339)
[2021.06.16-07.19.42:363][901]LogModuleManager: Shutting down and abandoning module AITestSuite (337)
[2021.06.16-07.19.42:363][901]LogModuleManager: Shutting down and abandoning module ProfilerService (334)
[2021.06.16-07.19.42:460][901]LogModuleManager: Shutting down and abandoning module TaskGraph (332)
[2021.06.16-07.19.42:460][901]LogModuleManager: Shutting down and abandoning module SteamVRController (330)
[2021.06.16-07.19.42:460][901]LogModuleManager: Shutting down and abandoning module ProceduralMeshComponentEditor (328)
[2021.06.16-07.19.42:460][901]LogModuleManager: Shutting down and abandoning module ProceduralMeshComponent (326)
[2021.06.16-07.19.42:460][901]LogModuleManager: Shutting down and abandoning module OculusInput (324)
[2021.06.16-07.19.42:460][901]LogModuleManager: Shutting down and abandoning module MobilePatchingUtils (322)
[2021.06.16-07.19.42:460][901]LogModuleManager: Shutting down and abandoning module CustomMeshComponent (320)
[2021.06.16-07.19.42:460][901]LogModuleManager: Shutting down and abandoning module CableComponent (318)
[2021.06.16-07.19.42:460][901]LogModuleManager: Shutting down and abandoning module ArchVisCharacter (316)
[2021.06.16-07.19.42:460][901]LogModuleManager: Shutting down and abandoning module AndroidPermission (314)
[2021.06.16-07.19.42:460][901]LogModuleManager: Shutting down and abandoning module MediaPlayerEditor (310)
[2021.06.16-07.19.42:461][901]LogModuleManager: Shutting down and abandoning module HTML5Networking (308)
[2021.06.16-07.19.42:461][901]LogModuleManager: Shutting down and abandoning module AlembicImporter (306)
[2021.06.16-07.19.42:461][901]LogModuleManager: Shutting down and abandoning module AlembicLibrary (305)
[2021.06.16-07.19.42:461][901]LogModuleManager: Shutting down and abandoning module GeometryCache (304)
[2021.06.16-07.19.42:461][901]LogModuleManager: Shutting down and abandoning module GeometryCacheEd (303)
[2021.06.16-07.19.42:461][901]LogModuleManager: Shutting down and abandoning module SpeedTreeImporter (298)
[2021.06.16-07.19.42:461][901]LogModuleManager: Shutting down and abandoning module PluginBrowser (296)
[2021.06.16-07.19.42:461][901]LogModuleManager: Shutting down and abandoning module MobileLauncherProfileWizard (294)
[2021.06.16-07.19.42:461][901]LogModuleManager: Shutting down and abandoning module VisualStudioSourceCodeAccess (292)
[2021.06.16-07.19.42:461][901]LogModuleManager: Shutting down and abandoning module DesktopPlatform (291)
[2021.06.16-07.19.42:461][901]LogModuleManager: Shutting down and abandoning module UObjectPlugin (288)
[2021.06.16-07.19.42:461][901]LogModuleManager: Shutting down and abandoning module SubversionSourceControl (286)
[2021.06.16-07.19.42:461][901]LogModuleManager: Shutting down and abandoning module PerforceSourceControl (284)
[2021.06.16-07.19.42:461][901]LogModuleManager: Shutting down and abandoning module GitSourceControl (282)
[2021.06.16-07.19.42:461][901]LogModuleManager: Shutting down and abandoning module SourceControl (281)
[2021.06.16-07.19.42:461][901]LogModuleManager: Shutting down and abandoning module LightPropagationVolumeEditor (278)
[2021.06.16-07.19.42:461][901]LogModuleManager: Shutting down and abandoning module PaperTiledImporter (276)
[2021.06.16-07.19.42:461][901]LogModuleManager: Shutting down and abandoning module PaperSpriteSheetImporter (274)
[2021.06.16-07.19.42:461][901]LogModuleManager: Shutting down and abandoning module Paper2DEditor (272)
[2021.06.16-07.19.42:461][901]LogModuleManager: Shutting down and abandoning module MeshPaint (271)
[2021.06.16-07.19.42:461][901]LogModuleManager: Shutting down and abandoning module LevelEditor (269)
[2021.06.16-07.19.42:462][901]LogModuleManager: Shutting down and abandoning module PixelInspectorModule (268)
[2021.06.16-07.19.42:462][901]LogModuleManager: Shutting down and abandoning module MainFrame (266)
[2021.06.16-07.19.42:462][901]LogModuleManager: Shutting down and abandoning module HotReload (265)
[2021.06.16-07.19.42:462][901]LogModuleManager: Shutting down and abandoning module RuntimePhysXCooking (260)
[2021.06.16-07.19.42:462][901]LogModuleManager: Shutting down and abandoning module PhysXVehiclesEditor (258)
[2021.06.16-07.19.42:462][901]LogModuleManager: Shutting down and abandoning module PhysXVehicles (256)
[2021.06.16-07.19.42:462][901]LogModuleManager: Shutting down and abandoning module OculusEditor (254)
[2021.06.16-07.19.42:462][901]LogModuleManager: Shutting down and abandoning module LocationServicesBPLibrary (252)
[2021.06.16-07.19.42:462][901]LogModuleManager: Shutting down and abandoning module ImmediatePhysicsEditor (250)
[2021.06.16-07.19.42:462][901]LogModuleManager: Shutting down and abandoning module ImmediatePhysics (248)
[2021.06.16-07.19.42:462][901]LogModuleManager: Shutting down and abandoning module UdpMessaging (246)
[2021.06.16-07.19.42:563][901]LogModuleManager: Shutting down and abandoning module TcpMessaging (244)
[2021.06.16-07.19.42:664][901]LogModuleManager: Shutting down and abandoning module GameplayTagsEditor (242)
[2021.06.16-07.19.42:664][901]LogModuleManager: Shutting down and abandoning module FacialAnimationEditor (240)
[2021.06.16-07.19.42:664][901]LogModuleManager: Shutting down and abandoning module FacialAnimation (238)
[2021.06.16-07.19.42:664][901]LogModuleManager: Shutting down and abandoning module AssetManagerEditor (236)
[2021.06.16-07.19.42:664][901]LogModuleManager: Shutting down and abandoning module GraphEditor (235)
[2021.06.16-07.19.42:664][901]LogModuleManager: Shutting down and abandoning module ContentBrowser (233)
[2021.06.16-07.19.42:665][901]LogModuleManager: Shutting down and abandoning module LightPropagationVolumeRuntime (230)
[2021.06.16-07.19.42:665][901]LogModuleManager: Shutting down and abandoning module Paper2D (228)
[2021.06.16-07.19.42:665][901]LogModuleManager: Shutting down and abandoning module WindowsMoviePlayer (226)
[2021.06.16-07.19.42:665][901]LogModuleManager: Shutting down and abandoning module WmfMedia (224)
[2021.06.16-07.19.42:666][901]LogModuleManager: Shutting down and abandoning module PacketHandler (222)
[2021.06.16-07.19.42:666][901]LogModuleManager: Shutting down and abandoning module ClothingSystemEditor (220)
[2021.06.16-07.19.42:666][901]LogModuleManager: Shutting down and abandoning module ClothingSystemRuntime (218)
[2021.06.16-07.19.42:666][901]LogModuleManager: Shutting down and abandoning module Overlay (216)
[2021.06.16-07.19.42:666][901]LogModuleManager: Shutting down and abandoning module OverlayEditor (215)
[2021.06.16-07.19.42:666][901]LogModuleManager: Shutting down and abandoning module MediaAssets (212)
[2021.06.16-07.19.42:666][901]LogModuleManager: Shutting down and abandoning module VREditor (210)
[2021.06.16-07.19.42:666][901]LogModuleManager: Shutting down and abandoning module StringTableEditor (208)
[2021.06.16-07.19.42:666][901]LogModuleManager: Shutting down and abandoning module GameplayTasksEditor (206)
[2021.06.16-07.19.42:666][901]LogModuleManager: Shutting down and abandoning module BehaviorTreeEditor (204)
[2021.06.16-07.19.42:666][901]LogModuleManager: Shutting down and abandoning module FunctionalTesting (202)
[2021.06.16-07.19.42:666][901]LogModuleManager: Shutting down and abandoning module CollisionAnalyzer (200)
[2021.06.16-07.19.42:666][901]LogModuleManager: Shutting down and abandoning module WorkspaceMenuStructure (199)
[2021.06.16-07.19.42:667][901]LogModuleManager: Shutting down and abandoning module UMG (196)
[2021.06.16-07.19.42:667][901]LogModuleManager: Shutting down and abandoning module UMGEditor (195)
[2021.06.16-07.19.42:667][901]LogModuleManager: Shutting down and abandoning module Sequencer (194)
[2021.06.16-07.19.42:667][901]LogModuleManager: Shutting down and abandoning module MessageLog (191)
[2021.06.16-07.19.42:667][901]LogModuleManager: Shutting down and abandoning module SlateReflector (186)
[2021.06.16-07.19.42:667][901]LogModuleManager: Shutting down and abandoning module Slate (184)
[2021.06.16-07.19.42:667][901]LogModuleManager: Shutting down and abandoning module EditorStyle (182)
[2021.06.16-07.19.42:669][901]LogModuleManager: Shutting down and abandoning module MRMesh (180)
[2021.06.16-07.19.42:669][901]LogModuleManager: Shutting down and abandoning module SourceCodeAccess (178)
[2021.06.16-07.19.42:669][901]LogModuleManager: Shutting down and abandoning module HeadMountedDisplay (176)
[2021.06.16-07.19.42:669][901]LogModuleManager: Shutting down and abandoning module XAudio2 (174)
[2021.06.16-07.19.42:669][901]LogModuleManager: Shutting down and abandoning module Networking (172)
[2021.06.16-07.19.42:669][901]LogModuleManager: Shutting down and abandoning module Core (168)
[2021.06.16-07.19.42:669][901]LogModuleManager: Shutting down and abandoning module KismetCompiler (164)
[2021.06.16-07.19.42:669][901]LogModuleManager: Shutting down and abandoning module LevelSequence (162)
[2021.06.16-07.19.42:669][901]LogModuleManager: Shutting down and abandoning module MeshUtilities (160)
[2021.06.16-07.19.42:669][901]LogModuleManager: Shutting down and abandoning module MeshMergeUtilities (159)
[2021.06.16-07.19.42:669][901]LogModuleManager: Shutting down and abandoning module MeshReductionInterface (158)
[2021.06.16-07.19.42:669][901]LogModuleManager: Shutting down and abandoning module SimplygonSwarm (157)
[2021.06.16-07.19.42:669][901]LogModuleManager: Shutting down and abandoning module SimplygonMeshReduction (155)
[2021.06.16-07.19.42:669][901]LogModuleManager: Shutting down and abandoning module QuadricMeshReduction (153)
[2021.06.16-07.19.42:669][901]LogModuleManager: Shutting down and abandoning module MaterialBaking (149)
[2021.06.16-07.19.42:669][901]LogModuleManager: Shutting down and abandoning module DirectoryWatcher (146)
[2021.06.16-07.19.42:670][901]LogModuleManager: Shutting down and abandoning module DerivedDataCache (144)
[2021.06.16-07.19.42:718][901]LogDerivedDataCache: Shutdown
[2021.06.16-07.19.42:718][901]LogModuleManager: Shutting down and abandoning module TargetPlatform (142)
[2021.06.16-07.19.42:718][901]LogModuleManager: Shutting down and abandoning module VulkanShaderFormat (141)
[2021.06.16-07.19.42:718][901]LogModuleManager: Shutting down and abandoning module ShaderFormatVectorVM (139)
[2021.06.16-07.19.42:718][901]LogModuleManager: Shutting down and abandoning module ShaderFormatOpenGL (137)
[2021.06.16-07.19.42:718][901]LogModuleManager: Shutting down and abandoning module ShaderFormatD3D (135)
[2021.06.16-07.19.42:718][901]LogModuleManager: Shutting down and abandoning module MetalShaderFormat (133)
[2021.06.16-07.19.42:718][901]LogModuleManager: Shutting down and abandoning module TextureFormatUncompressed (131)
[2021.06.16-07.19.42:718][901]LogModuleManager: Shutting down and abandoning module TextureFormatPVR (129)
[2021.06.16-07.19.42:718][901]LogModuleManager: Shutting down and abandoning module TextureFormatDXT (127)
[2021.06.16-07.19.42:718][901]LogModuleManager: Shutting down and abandoning module TextureFormatIntelISPCTexComp (125)
[2021.06.16-07.19.42:718][901]LogModuleManager: Shutting down and abandoning module TextureFormatASTC (123)
[2021.06.16-07.19.42:719][901]LogModuleManager: Shutting down and abandoning module ImageWrapper (122)
[2021.06.16-07.19.42:719][901]LogModuleManager: Shutting down and abandoning module TextureFormatAndroid (119)
[2021.06.16-07.19.42:719][901]LogModuleManager: Shutting down and abandoning module AudioFormatOpus (117)
[2021.06.16-07.19.42:719][901]LogModuleManager: Shutting down and abandoning module AudioFormatOgg (115)
[2021.06.16-07.19.42:719][901]LogModuleManager: Shutting down and abandoning module AudioFormatADPCM (113)
[2021.06.16-07.19.42:719][901]LogModuleManager: Shutting down and abandoning module LinuxTargetPlatform (111)
[2021.06.16-07.19.42:719][901]LogModuleManager: Shutting down and abandoning module LinuxServerTargetPlatform (109)
[2021.06.16-07.19.42:719][901]LogModuleManager: Shutting down and abandoning module LinuxNoEditorTargetPlatform (107)
[2021.06.16-07.19.42:719][901]LogModuleManager: Shutting down and abandoning module LinuxClientTargetPlatform (105)
[2021.06.16-07.19.42:719][901]LogModuleManager: Shutting down and abandoning module TVOSTargetPlatform (103)
[2021.06.16-07.19.42:719][901]LogModuleManager: Shutting down and abandoning module Messaging (101)
[2021.06.16-07.19.42:719][901]LogModuleManager: Shutting down and abandoning module IOSTargetPlatform (99)
[2021.06.16-07.19.42:719][901]LogModuleManager: Shutting down and abandoning module HTML5TargetPlatform (97)
[2021.06.16-07.19.42:719][901]LogModuleManager: Shutting down and abandoning module Android_PVRTCTargetPlatform (95)
[2021.06.16-07.19.42:719][901]LogModuleManager: Shutting down and abandoning module Android_MultiTargetPlatform (93)
[2021.06.16-07.19.42:719][901]LogModuleManager: Shutting down and abandoning module Android_ETC2TargetPlatform (91)
[2021.06.16-07.19.42:719][901]LogModuleManager: Shutting down and abandoning module Android_ETC1TargetPlatform (89)
[2021.06.16-07.19.42:719][901]LogModuleManager: Shutting down and abandoning module Android_DXTTargetPlatform (87)
[2021.06.16-07.19.42:719][901]LogModuleManager: Shutting down and abandoning module Android_ATCTargetPlatform (85)
[2021.06.16-07.19.42:719][901]LogModuleManager: Shutting down and abandoning module Android_ASTCTargetPlatform (83)
[2021.06.16-07.19.42:719][901]LogModuleManager: Shutting down and abandoning module AndroidTargetPlatform (81)
[2021.06.16-07.19.42:719][901]LogModuleManager: Shutting down and abandoning module WindowsTargetPlatform (79)
[2021.06.16-07.19.42:719][901]LogModuleManager: Shutting down and abandoning module WindowsServerTargetPlatform (77)
[2021.06.16-07.19.42:719][901]LogModuleManager: Shutting down and abandoning module WindowsNoEditorTargetPlatform (75)
[2021.06.16-07.19.42:719][901]LogModuleManager: Shutting down and abandoning module WindowsClientTargetPlatform (73)
[2021.06.16-07.19.42:719][901]LogModuleManager: Shutting down and abandoning module MacTargetPlatform (71)
[2021.06.16-07.19.42:719][901]LogModuleManager: Shutting down and abandoning module MacServerTargetPlatform (69)
[2021.06.16-07.19.42:719][901]LogModuleManager: Shutting down and abandoning module MacNoEditorTargetPlatform (67)
[2021.06.16-07.19.42:719][901]LogModuleManager: Shutting down and abandoning module MacClientTargetPlatform (65)
[2021.06.16-07.19.42:719][901]LogModuleManager: Shutting down and abandoning module AllDesktopTargetPlatform (63)
[2021.06.16-07.19.42:719][901]LogModuleManager: Shutting down and abandoning module InputCore (60)
[2021.06.16-07.19.42:719][901]LogModuleManager: Shutting down and abandoning module Settings (58)
[2021.06.16-07.19.42:719][901]LogModuleManager: Shutting down and abandoning module PhysXCooking (56)
[2021.06.16-07.19.42:719][901]LogModuleManager: Shutting down and abandoning module SteamVR (54)
[2021.06.16-07.19.42:719][901]LogModuleManager: Shutting down and abandoning module OculusHMD (52)
[2021.06.16-07.19.42:719][901]LogModuleManager: Shutting down and abandoning module ExampleDeviceProfileSelector (50)
[2021.06.16-07.19.42:719][901]LogModuleManager: Shutting down and abandoning module OnlineBlueprintSupport (48)
[2021.06.16-07.19.42:719][901]LogModuleManager: Shutting down and abandoning module OnlineSubsystem (44)
[2021.06.16-07.19.42:719][901]LogOnline: Display: Unloading online subsystem: NULL
[2021.06.16-07.19.42:719][901]LogModuleManager: Shutting down and abandoning module XMPP (43)
[2021.06.16-07.19.42:719][901]LogModuleManager: Shutting down and abandoning module HTTP (41)
[2021.06.16-07.19.42:719][901]LogHttp: Display: Http module shutting down, but needs to wait on 1 outstanding Http requests:
[2021.06.16-07.19.42:719][901]LogHttp: Display: 	verb=[POST] url=[https://datarouter.ol.epicgames.com/datarouter/api/v1/public/data?SessionID=%7B7E21AFD0-4B8A-5FB3-44DE-D68CCB47DE6C%7D&AppID=UEEditor.Rocket.Release&AppVersion=4.17.2-3658906%2B%2B%2BUE4%2BRelease-4.17&UserID=b67de0de482199c22f448281d4f34e7c%7C2679e70e3c004fdaabad7c35266e5ac2%7C025a0d02-9521-48bc-8362-409aedaa7a74&AppEnvironment=datacollector-binary&UploadType=eteventstream] status=Processing
[2021.06.16-07.19.42:726][901]LogModuleManager: Shutting down and abandoning module SSL (40)
[2021.06.16-07.19.42:727][901]LogModuleManager: Shutting down and abandoning module AnimationModifiers (36)
[2021.06.16-07.19.42:727][901]LogModuleManager: Shutting down and abandoning module PropertyEditor (35)
[2021.06.16-07.19.42:727][901]LogModuleManager: Shutting down and abandoning module AudioEditor (32)
[2021.06.16-07.19.42:727][901]LogModuleManager: Shutting down and abandoning module TextureCompressor (30)
[2021.06.16-07.19.42:727][901]LogModuleManager: Shutting down and abandoning module ShaderCore (28)
[2021.06.16-07.19.42:727][901]LogModuleManager: Shutting down and abandoning module Landscape (26)
[2021.06.16-07.19.42:727][901]LogModuleManager: Shutting down and abandoning module SlateRHIRenderer (24)
[2021.06.16-07.19.42:728][901]LogModuleManager: Shutting down and abandoning module OpenGLDrv (22)
[2021.06.16-07.19.42:728][901]LogModuleManager: Shutting down and abandoning module D3D11RHI (20)
[2021.06.16-07.19.42:728][901]LogModuleManager: Shutting down and abandoning module AnimGraphRuntime (18)
[2021.06.16-07.19.42:728][901]LogModuleManager: Shutting down and abandoning module Renderer (16)
[2021.06.16-07.19.42:728][901]LogModuleManager: Shutting down and abandoning module Engine (14)
[2021.06.16-07.19.42:728][901]LogModuleManager: Shutting down and abandoning module CoreUObject (12)
[2021.06.16-07.19.42:728][901]LogModuleManager: Shutting down and abandoning module NetworkFile (10)
[2021.06.16-07.19.42:728][901]LogModuleManager: Shutting down and abandoning module CookedIterativeFile (8)
[2021.06.16-07.19.42:728][901]LogModuleManager: Shutting down and abandoning module StreamingFile (6)
[2021.06.16-07.19.42:728][901]LogModuleManager: Shutting down and abandoning module SandboxFile (4)
[2021.06.16-07.19.42:728][901]LogModuleManager: Shutting down and abandoning module PakFile (2)
[2021.06.16-07.19.42:733][901]LogExit: Exiting.
[2021.06.16-07.19.42:739][901]Log file closed, 06/16/21 02:19:42
